#
# A fatal error has been detected by the Java Runtime Environment:
#
#  EXCEPTION_ACCESS_VIOLATION (0xc0000005) at pc=0x000000006d51bc77, pid=12660, tid=13756
#
# JRE version: 6.0_20-b02
# Java VM: Java HotSpot(TM) 64-Bit Server VM (16.3-b01 mixed mode windows-amd64 )
# Problematic frame:
# C  [jsound.dll+0xbc77]
#
# If you would like to submit a bug report, please visit:
#   http://java.sun.com/webapps/bugreport/crash.jsp
# The crash happened outside the Java Virtual Machine in native code.
# See problematic frame for where to report the bug.
#

---------------  T H R E A D  ---------------

Current thread (0x000000004d4f8000):  JavaThread "Headspace mixer frame proc thread" daemon [_thread_in_native, id=13756, stack(0x00000000556c0000,0x00000000557c0000)]

siginfo: ExceptionCode=0xc0000005, reading address 0xffffffffffffffff

Registers:
EAX=0x0000000004a9d82e, EBX=0x00000000529c5d20, ECX=0x0000000004a9d82e, EDX=0x0000000000338fa0
ESP=0x00000000557bf110, EBP=0x0000000000000010, ESI=0x000000004d4f81b8, EDI=0x000000000001ce00
EIP=0x000000006d51bc77, EFLAGS=0x0000000000010293

Top of Stack: (sp=0x00000000557bf110)
0x00000000557bf110:   0000000076e98288 000000004d4f8000
0x00000000557bf120:   00000000557bf710 000000004d4f81b8
0x00000000557bf130:   000000004d4f81b8 0000000000355da0
0x00000000557bf140:   0000000000000040 000000004d4f81b8
0x00000000557bf150:   00000000557bf710 000000004d4f81b8
0x00000000557bf160:   0000000000000000 000000000001ce00
0x00000000557bf170:   000000004d4f81b8 0000000000000010
0x00000000557bf180:   0000000000338fa0 000000006d51d4a0
0x00000000557bf190:   000000002278dca3 00000000028c24aa
0x00000000557bf1a0:   00000000557bf200 000000006d52b22b
0x00000000557bf1b0:   00000047d7a17fea 0000000000364380
0x00000000557bf1c0:   0000000000000040 000000004d4f81b8
0x00000000557bf1d0:   0000000000338fa0 000000006d520e4d
0x00000000557bf1e0:   0000000000000000 000007fefd0410ac
0x00000000557bf1f0:   0000000000000048 0000000000000001
0x00000000557bf200:   0000000000000000 0000000000000000 

Instructions: (pc=0x000000006d51bc77)
0x000000006d51bc67:   e0 de 01 00 0f 84 05 03 00 00 4c 8b c1 41 8b ce
0x000000006d51bc77:   41 2b 48 08 85 c9 7e 2f 48 83 82 e8 de 01 00 10 


Stack: [0x00000000556c0000,0x00000000557c0000],  sp=0x00000000557bf110,  free space=3fc0000000000000000k
Native frames: (J=compiled Java code, j=interpreted, Vv=VM code, C=native code)
C  [jsound.dll+0xbc77]

[error occurred during error reporting (printing native stack), id 0xc0000005]

Java frames: (J=compiled Java code, j=interpreted, Vv=VM code)
j  com.sun.media.sound.MixerThread.runNative(J)V+0
j  com.sun.media.sound.MixerThread.run()V+5
v  ~StubRoutines::call_stub

---------------  P R O C E S S  ---------------

Java Threads: ( => current thread )
  0x00000000562ad800 JavaThread "Java Sound Sequencer" [_thread_blocked, id=10408, stack(0x0000000066090000,0x0000000066190000)]
  0x00000000562ac800 JavaThread "Java Sound Sequencer" [_thread_blocked, id=10960, stack(0x0000000065f90000,0x0000000066090000)]
  0x00000000562ac000 JavaThread "Java Sound Sequencer" [_thread_blocked, id=11908, stack(0x0000000065e90000,0x0000000065f90000)]
  0x00000000562ab000 JavaThread "Java Sound Sequencer" [_thread_blocked, id=12436, stack(0x0000000065d90000,0x0000000065e90000)]
  0x00000000562aa800 JavaThread "Java Sound Sequencer" [_thread_blocked, id=7004, stack(0x0000000065c90000,0x0000000065d90000)]
  0x00000000562aa000 JavaThread "Java Sound Sequencer" [_thread_blocked, id=12268, stack(0x0000000065b90000,0x0000000065c90000)]
  0x00000000562a9000 JavaThread "Java Sound Sequencer" [_thread_blocked, id=8580, stack(0x0000000065a90000,0x0000000065b90000)]
  0x00000000562a8800 JavaThread "Java Sound Sequencer" [_thread_blocked, id=1068, stack(0x0000000065990000,0x0000000065a90000)]
  0x00000000562a7800 JavaThread "Java Sound Sequencer" [_thread_blocked, id=7220, stack(0x0000000065890000,0x0000000065990000)]
  0x00000000562a7000 JavaThread "Java Sound Sequencer" [_thread_blocked, id=13776, stack(0x0000000065790000,0x0000000065890000)]
  0x00000000562a6000 JavaThread "Java Sound Sequencer" [_thread_blocked, id=4644, stack(0x0000000065690000,0x0000000065790000)]
  0x00000000562a5800 JavaThread "Java Sound Sequencer" [_thread_blocked, id=8476, stack(0x0000000065590000,0x0000000065690000)]
  0x00000000562a4800 JavaThread "Java Sound Sequencer" [_thread_blocked, id=13560, stack(0x0000000065490000,0x0000000065590000)]
  0x00000000562a4000 JavaThread "Java Sound Sequencer" [_thread_blocked, id=8568, stack(0x0000000065390000,0x0000000065490000)]
  0x00000000562a3800 JavaThread "Java Sound Sequencer" [_thread_blocked, id=7760, stack(0x0000000065290000,0x0000000065390000)]
  0x00000000562a2800 JavaThread "Java Sound Sequencer" [_thread_blocked, id=13484, stack(0x0000000065190000,0x0000000065290000)]
  0x00000000562a2000 JavaThread "Java Sound Sequencer" [_thread_blocked, id=10088, stack(0x0000000065090000,0x0000000065190000)]
  0x00000000562a1000 JavaThread "Java Sound Sequencer" [_thread_blocked, id=7980, stack(0x0000000064f90000,0x0000000065090000)]
  0x0000000055ff7000 JavaThread "Java Sound Sequencer" [_thread_blocked, id=13704, stack(0x0000000064e90000,0x0000000064f90000)]
  0x0000000055ff6000 JavaThread "Java Sound Sequencer" [_thread_blocked, id=16144, stack(0x0000000064d90000,0x0000000064e90000)]
  0x0000000055ff5800 JavaThread "Java Sound Sequencer" [_thread_blocked, id=4052, stack(0x0000000064c90000,0x0000000064d90000)]
  0x0000000055ff5000 JavaThread "Java Sound Sequencer" [_thread_blocked, id=9956, stack(0x0000000064b90000,0x0000000064c90000)]
  0x0000000055ff4000 JavaThread "Java Sound Sequencer" [_thread_blocked, id=7184, stack(0x0000000064a90000,0x0000000064b90000)]
  0x0000000055ff3800 JavaThread "Java Sound Sequencer" [_thread_blocked, id=6668, stack(0x0000000064990000,0x0000000064a90000)]
  0x0000000055ff2800 JavaThread "Java Sound Sequencer" [_thread_blocked, id=5604, stack(0x0000000064890000,0x0000000064990000)]
  0x0000000055ff2000 JavaThread "Java Sound Sequencer" [_thread_blocked, id=14432, stack(0x0000000064790000,0x0000000064890000)]
  0x0000000055ff1000 JavaThread "Java Sound Sequencer" [_thread_blocked, id=5368, stack(0x0000000064690000,0x0000000064790000)]
  0x0000000055ff0800 JavaThread "Java Sound Sequencer" [_thread_blocked, id=13900, stack(0x0000000064590000,0x0000000064690000)]
  0x0000000055fef800 JavaThread "Java Sound Sequencer" [_thread_blocked, id=7700, stack(0x0000000064490000,0x0000000064590000)]
  0x0000000055fef000 JavaThread "Java Sound Sequencer" [_thread_blocked, id=7176, stack(0x0000000064390000,0x0000000064490000)]
  0x0000000055fee800 JavaThread "Java Sound Sequencer" [_thread_blocked, id=14844, stack(0x0000000064290000,0x0000000064390000)]
  0x0000000055fed800 JavaThread "Java Sound Sequencer" [_thread_blocked, id=9832, stack(0x0000000064190000,0x0000000064290000)]
  0x0000000055fed000 JavaThread "Java Sound Sequencer" [_thread_blocked, id=6764, stack(0x0000000064090000,0x0000000064190000)]
  0x0000000055fec000 JavaThread "Java Sound Sequencer" [_thread_blocked, id=6024, stack(0x0000000063f90000,0x0000000064090000)]
  0x0000000055feb800 JavaThread "Java Sound Sequencer" [_thread_blocked, id=4408, stack(0x0000000063e90000,0x0000000063f90000)]
  0x0000000055fea800 JavaThread "Java Sound Sequencer" [_thread_blocked, id=10236, stack(0x0000000063d90000,0x0000000063e90000)]
  0x0000000055fea000 JavaThread "Java Sound Sequencer" [_thread_blocked, id=7088, stack(0x0000000063c90000,0x0000000063d90000)]
  0x0000000055fe9000 JavaThread "Java Sound Sequencer" [_thread_blocked, id=10108, stack(0x0000000063b90000,0x0000000063c90000)]
  0x0000000055fe8800 JavaThread "Java Sound Sequencer" [_thread_blocked, id=13512, stack(0x0000000063a90000,0x0000000063b90000)]
  0x0000000055fe8000 JavaThread "Java Sound Sequencer" [_thread_blocked, id=16288, stack(0x0000000063990000,0x0000000063a90000)]
  0x00000000561b9000 JavaThread "Java Sound Sequencer" [_thread_blocked, id=15392, stack(0x0000000063890000,0x0000000063990000)]
  0x00000000561b8800 JavaThread "Java Sound Sequencer" [_thread_blocked, id=5612, stack(0x0000000063790000,0x0000000063890000)]
  0x00000000561b7800 JavaThread "Java Sound Sequencer" [_thread_blocked, id=15036, stack(0x0000000063690000,0x0000000063790000)]
  0x00000000561b7000 JavaThread "Java Sound Sequencer" [_thread_blocked, id=1580, stack(0x0000000063590000,0x0000000063690000)]
  0x00000000561b6800 JavaThread "Java Sound Sequencer" [_thread_blocked, id=8752, stack(0x0000000063490000,0x0000000063590000)]
  0x00000000561b5800 JavaThread "Java Sound Sequencer" [_thread_blocked, id=7844, stack(0x0000000063390000,0x0000000063490000)]
  0x00000000561b5000 JavaThread "Java Sound Sequencer" [_thread_blocked, id=15004, stack(0x0000000063290000,0x0000000063390000)]
  0x00000000561b4000 JavaThread "Java Sound Sequencer" [_thread_blocked, id=16236, stack(0x0000000063190000,0x0000000063290000)]
  0x00000000561b3800 JavaThread "Java Sound Sequencer" [_thread_blocked, id=9588, stack(0x0000000063090000,0x0000000063190000)]
  0x00000000561b2800 JavaThread "Java Sound Sequencer" [_thread_blocked, id=9704, stack(0x0000000062f90000,0x0000000063090000)]
  0x00000000561b2000 JavaThread "Java Sound Sequencer" [_thread_blocked, id=6532, stack(0x0000000062e90000,0x0000000062f90000)]
  0x0000000054b8f800 JavaThread "Java Sound Sequencer" [_thread_blocked, id=6236, stack(0x0000000062d90000,0x0000000062e90000)]
  0x0000000054b8f000 JavaThread "Java Sound Sequencer" [_thread_blocked, id=9300, stack(0x0000000062c90000,0x0000000062d90000)]
  0x0000000054b8e000 JavaThread "Java Sound Sequencer" [_thread_blocked, id=11140, stack(0x0000000062b90000,0x0000000062c90000)]
  0x0000000054b8d800 JavaThread "Java Sound Sequencer" [_thread_blocked, id=6340, stack(0x0000000062a90000,0x0000000062b90000)]
  0x0000000054b8c800 JavaThread "Java Sound Sequencer" [_thread_blocked, id=13088, stack(0x0000000062990000,0x0000000062a90000)]
  0x0000000054b8c000 JavaThread "Java Sound Sequencer" [_thread_blocked, id=6800, stack(0x0000000062890000,0x0000000062990000)]
  0x0000000054b8b000 JavaThread "Java Sound Sequencer" [_thread_blocked, id=8104, stack(0x0000000062790000,0x0000000062890000)]
  0x0000000054b8a800 JavaThread "Java Sound Sequencer" [_thread_blocked, id=5948, stack(0x0000000062690000,0x0000000062790000)]
  0x0000000054b89800 JavaThread "Java Sound Sequencer" [_thread_blocked, id=14196, stack(0x0000000062590000,0x0000000062690000)]
  0x0000000054b89000 JavaThread "Java Sound Sequencer" [_thread_blocked, id=2968, stack(0x0000000062490000,0x0000000062590000)]
  0x0000000054b88800 JavaThread "Java Sound Sequencer" [_thread_blocked, id=16356, stack(0x0000000062390000,0x0000000062490000)]
  0x000000004d6fd800 JavaThread "Java Sound Sequencer" [_thread_blocked, id=14160, stack(0x0000000062290000,0x0000000062390000)]
  0x000000004d6fd000 JavaThread "Java Sound Sequencer" [_thread_blocked, id=10232, stack(0x0000000062190000,0x0000000062290000)]
  0x000000004d6fc000 JavaThread "Java Sound Sequencer" [_thread_blocked, id=16232, stack(0x0000000062090000,0x0000000062190000)]
  0x000000004d6fb800 JavaThread "Java Sound Sequencer" [_thread_blocked, id=16016, stack(0x0000000061f90000,0x0000000062090000)]
  0x000000004d6fa800 JavaThread "Java Sound Sequencer" [_thread_blocked, id=8872, stack(0x0000000061e90000,0x0000000061f90000)]
  0x000000004d6fa000 JavaThread "Java Sound Sequencer" [_thread_blocked, id=15512, stack(0x0000000061d90000,0x0000000061e90000)]
  0x000000004d6f9000 JavaThread "Java Sound Sequencer" [_thread_blocked, id=7620, stack(0x0000000061c90000,0x0000000061d90000)]
  0x000000004d6f8800 JavaThread "Java Sound Sequencer" [_thread_blocked, id=11988, stack(0x0000000061b90000,0x0000000061c90000)]
  0x000000004d6f8000 JavaThread "Java Sound Sequencer" [_thread_blocked, id=7628, stack(0x0000000061a90000,0x0000000061b90000)]
  0x000000004d6f7000 JavaThread "Java Sound Sequencer" [_thread_blocked, id=10312, stack(0x0000000061990000,0x0000000061a90000)]
  0x000000004d6f6800 JavaThread "Java Sound Sequencer" [_thread_blocked, id=6300, stack(0x0000000061890000,0x0000000061990000)]
  0x0000000049ea4000 JavaThread "Java Sound Sequencer" [_thread_blocked, id=14752, stack(0x0000000061790000,0x0000000061890000)]
  0x0000000049ea3800 JavaThread "Java Sound Sequencer" [_thread_blocked, id=14732, stack(0x0000000061690000,0x0000000061790000)]
  0x0000000049ea2800 JavaThread "Java Sound Sequencer" [_thread_blocked, id=6180, stack(0x0000000061590000,0x0000000061690000)]
  0x0000000049ea2000 JavaThread "Java Sound Sequencer" [_thread_blocked, id=7976, stack(0x0000000061490000,0x0000000061590000)]
  0x0000000049ea1800 JavaThread "Java Sound Sequencer" [_thread_blocked, id=13876, stack(0x0000000061390000,0x0000000061490000)]
  0x0000000049ea0800 JavaThread "Java Sound Sequencer" [_thread_blocked, id=8916, stack(0x0000000061290000,0x0000000061390000)]
  0x0000000049ea0000 JavaThread "Java Sound Sequencer" [_thread_blocked, id=9036, stack(0x0000000061190000,0x0000000061290000)]
  0x0000000049e9f000 JavaThread "Java Sound Sequencer" [_thread_blocked, id=14716, stack(0x0000000061090000,0x0000000061190000)]
  0x0000000049e9e800 JavaThread "Java Sound Sequencer" [_thread_blocked, id=12708, stack(0x0000000060f90000,0x0000000061090000)]
  0x0000000049e9d800 JavaThread "Java Sound Sequencer" [_thread_blocked, id=13596, stack(0x0000000060e90000,0x0000000060f90000)]
  0x0000000049e9d000 JavaThread "Java Sound Sequencer" [_thread_blocked, id=1648, stack(0x0000000060d90000,0x0000000060e90000)]
  0x0000000055d22800 JavaThread "Java Sound Sequencer" [_thread_blocked, id=6216, stack(0x0000000060c90000,0x0000000060d90000)]
  0x0000000055d22000 JavaThread "Java Sound Sequencer" [_thread_blocked, id=15876, stack(0x0000000060b90000,0x0000000060c90000)]
  0x0000000055d21800 JavaThread "Java Sound Sequencer" [_thread_blocked, id=11296, stack(0x0000000060a90000,0x0000000060b90000)]
  0x0000000055d20800 JavaThread "Java Sound Sequencer" [_thread_blocked, id=6864, stack(0x0000000060990000,0x0000000060a90000)]
  0x0000000055d20000 JavaThread "Java Sound Sequencer" [_thread_blocked, id=6028, stack(0x0000000060890000,0x0000000060990000)]
  0x0000000055d1f000 JavaThread "Java Sound Sequencer" [_thread_blocked, id=13908, stack(0x0000000060790000,0x0000000060890000)]
  0x0000000055d1e800 JavaThread "Java Sound Sequencer" [_thread_blocked, id=11148, stack(0x0000000060690000,0x0000000060790000)]
  0x0000000055d1d800 JavaThread "Java Sound Sequencer" [_thread_blocked, id=7840, stack(0x0000000060590000,0x0000000060690000)]
  0x0000000055d1d000 JavaThread "Java Sound Sequencer" [_thread_blocked, id=7040, stack(0x0000000060490000,0x0000000060590000)]
  0x0000000055d1c000 JavaThread "Java Sound Sequencer" [_thread_blocked, id=12368, stack(0x0000000060390000,0x0000000060490000)]
  0x0000000055d1b800 JavaThread "Java Sound Sequencer" [_thread_blocked, id=6788, stack(0x0000000060290000,0x0000000060390000)]
  0x000000004d576000 JavaThread "Java Sound Sequencer" [_thread_blocked, id=9764, stack(0x0000000060190000,0x0000000060290000)]
  0x000000004d575800 JavaThread "Java Sound Sequencer" [_thread_blocked, id=16064, stack(0x0000000060090000,0x0000000060190000)]
  0x000000004d575000 JavaThread "Java Sound Sequencer" [_thread_blocked, id=14292, stack(0x000000005ff90000,0x0000000060090000)]
  0x000000004d574000 JavaThread "Java Sound Sequencer" [_thread_blocked, id=8556, stack(0x000000005fe90000,0x000000005ff90000)]
  0x000000004d573800 JavaThread "Java Sound Sequencer" [_thread_blocked, id=10796, stack(0x000000005fd90000,0x000000005fe90000)]
  0x000000004d572800 JavaThread "Java Sound Sequencer" [_thread_blocked, id=12260, stack(0x000000005fc90000,0x000000005fd90000)]
  0x000000004d572000 JavaThread "Java Sound Sequencer" [_thread_blocked, id=12384, stack(0x000000005fb90000,0x000000005fc90000)]
  0x000000004d571000 JavaThread "Java Sound Sequencer" [_thread_blocked, id=5692, stack(0x000000005fa90000,0x000000005fb90000)]
  0x000000004d570800 JavaThread "Java Sound Sequencer" [_thread_blocked, id=6600, stack(0x000000005f990000,0x000000005fa90000)]
  0x000000004d56f800 JavaThread "Java Sound Sequencer" [_thread_blocked, id=348, stack(0x000000005f890000,0x000000005f990000)]
  0x000000004d56f000 JavaThread "Java Sound Sequencer" [_thread_blocked, id=8064, stack(0x000000005f790000,0x000000005f890000)]
  0x0000000055fe7000 JavaThread "Java Sound Sequencer" [_thread_blocked, id=8960, stack(0x000000005f690000,0x000000005f790000)]
  0x0000000055fe6800 JavaThread "Java Sound Sequencer" [_thread_blocked, id=8300, stack(0x000000005f590000,0x000000005f690000)]
  0x0000000055fe5800 JavaThread "Java Sound Sequencer" [_thread_blocked, id=9564, stack(0x000000005f490000,0x000000005f590000)]
  0x0000000055fe5000 JavaThread "Java Sound Sequencer" [_thread_blocked, id=7388, stack(0x000000005f390000,0x000000005f490000)]
  0x0000000055fe4000 JavaThread "Java Sound Sequencer" [_thread_blocked, id=8088, stack(0x000000005f290000,0x000000005f390000)]
  0x0000000055fe3800 JavaThread "Java Sound Sequencer" [_thread_blocked, id=14192, stack(0x000000005f190000,0x000000005f290000)]
  0x0000000055fe2800 JavaThread "Java Sound Sequencer" [_thread_blocked, id=12284, stack(0x000000005f090000,0x000000005f190000)]
  0x0000000055fe2000 JavaThread "Java Sound Sequencer" [_thread_blocked, id=10892, stack(0x000000005ef90000,0x000000005f090000)]
  0x0000000055fe1000 JavaThread "Java Sound Sequencer" [_thread_blocked, id=7636, stack(0x000000005ee90000,0x000000005ef90000)]
  0x0000000055fe0800 JavaThread "Java Sound Sequencer" [_thread_blocked, id=6972, stack(0x000000005ed90000,0x000000005ee90000)]
  0x0000000055fe0000 JavaThread "Java Sound Sequencer" [_thread_blocked, id=14200, stack(0x000000005ec90000,0x000000005ed90000)]
  0x0000000056511000 JavaThread "Java Sound Sequencer" [_thread_blocked, id=13360, stack(0x000000005eb90000,0x000000005ec90000)]
  0x0000000056510800 JavaThread "Java Sound Sequencer" [_thread_blocked, id=6640, stack(0x000000005ea90000,0x000000005eb90000)]
  0x000000005650f800 JavaThread "Java Sound Sequencer" [_thread_blocked, id=12988, stack(0x000000005e990000,0x000000005ea90000)]
  0x000000005650f000 JavaThread "Java Sound Sequencer" [_thread_blocked, id=14816, stack(0x000000005e890000,0x000000005e990000)]
  0x000000005650e000 JavaThread "Java Sound Sequencer" [_thread_blocked, id=12784, stack(0x000000005e790000,0x000000005e890000)]
  0x000000005650d800 JavaThread "Java Sound Sequencer" [_thread_blocked, id=8768, stack(0x000000005e690000,0x000000005e790000)]
  0x000000005650c800 JavaThread "Java Sound Sequencer" [_thread_blocked, id=12728, stack(0x000000005e590000,0x000000005e690000)]
  0x000000005650c000 JavaThread "Java Sound Sequencer" [_thread_blocked, id=15864, stack(0x000000005e490000,0x000000005e590000)]
  0x000000005650b000 JavaThread "Java Sound Sequencer" [_thread_blocked, id=16296, stack(0x000000005e390000,0x000000005e490000)]
  0x000000005650a800 JavaThread "Java Sound Sequencer" [_thread_blocked, id=5436, stack(0x000000005e290000,0x000000005e390000)]
  0x000000005650a000 JavaThread "Java Sound Sequencer" [_thread_blocked, id=16188, stack(0x000000005e190000,0x000000005e290000)]
  0x000000004d506800 JavaThread "Java Sound Sequencer" [_thread_blocked, id=11116, stack(0x000000005d0c0000,0x000000005d1c0000)]
  0x000000004d506000 JavaThread "Java Sound Sequencer" [_thread_blocked, id=16088, stack(0x000000005cfc0000,0x000000005d0c0000)]
  0x000000004d505000 JavaThread "Java Sound Sequencer" [_thread_blocked, id=13556, stack(0x000000005cec0000,0x000000005cfc0000)]
  0x000000004d504800 JavaThread "Java Sound Sequencer" [_thread_blocked, id=13380, stack(0x000000005bdf0000,0x000000005bef0000)]
  0x000000004d504000 JavaThread "Java Sound Sequencer" [_thread_blocked, id=7196, stack(0x000000005bcf0000,0x000000005bdf0000)]
  0x000000004d503000 JavaThread "Java Sound Sequencer" [_thread_blocked, id=13840, stack(0x000000005bbf0000,0x000000005bcf0000)]
  0x000000004d502800 JavaThread "Java Sound Sequencer" [_thread_blocked, id=10144, stack(0x000000005ab20000,0x000000005ac20000)]
  0x000000004d501800 JavaThread "Java Sound Sequencer" [_thread_blocked, id=10740, stack(0x000000005aa20000,0x000000005ab20000)]
  0x000000004d501000 JavaThread "Java Sound Sequencer" [_thread_blocked, id=11512, stack(0x000000005a920000,0x000000005aa20000)]
  0x000000004d500000 JavaThread "Java Sound Sequencer" [_thread_blocked, id=13988, stack(0x0000000059850000,0x0000000059950000)]
  0x000000004d4ff800 JavaThread "Java Sound Sequencer" [_thread_blocked, id=15368, stack(0x0000000059750000,0x0000000059850000)]
  0x000000004d4fe800 JavaThread "Java Sound Sequencer" [_thread_blocked, id=8052, stack(0x0000000057190000,0x0000000057290000)]
  0x000000004d4fe000 JavaThread "Java Sound Sequencer" [_thread_blocked, id=4072, stack(0x000000004e420000,0x000000004e520000)]
  0x000000004d4fb000 JavaThread "AWT-EventQueue-0" [_thread_blocked, id=6732, stack(0x0000000057090000,0x0000000057190000)]
  0x000000004d4fd800 JavaThread "DestroyJavaVM" [_thread_blocked, id=11848, stack(0x0000000002d50000,0x0000000002e50000)]
  0x000000004d4fc800 JavaThread "D3D Screen Updater" daemon [_thread_blocked, id=15184, stack(0x0000000057e80000,0x0000000057f80000)]
  0x000000004d4fc000 JavaThread "The Animator V 3.0" [_thread_blocked, id=6852, stack(0x00000000573c0000,0x00000000574c0000)]
  0x000000004d4fa800 JavaThread "AWT-Shutdown" [_thread_blocked, id=16280, stack(0x000000004a900000,0x000000004aa00000)]
  0x000000004d4f9800 JavaThread "Java Sound Sequencer" [_thread_blocked, id=16152, stack(0x0000000056f90000,0x0000000057090000)]
  0x000000004d4f9000 JavaThread "Java Sound Event Dispatcher" daemon [_thread_blocked, id=15252, stack(0x0000000056890000,0x0000000056990000)]
=>0x000000004d4f8000 JavaThread "Headspace mixer frame proc thread" daemon [_thread_in_native, id=13756, stack(0x00000000556c0000,0x00000000557c0000)]
  0x000000004d4f7800 JavaThread "PooledThread-31" [_thread_blocked, id=11740, stack(0x0000000054a80000,0x0000000054b80000)]
  0x000000004d4d9000 JavaThread "PooledThread-30" [_thread_blocked, id=9352, stack(0x0000000054980000,0x0000000054a80000)]
  0x000000004d4d8000 JavaThread "PooledThread-29" [_thread_blocked, id=9280, stack(0x0000000054880000,0x0000000054980000)]
  0x000000004d4d7800 JavaThread "PooledThread-28" [_thread_blocked, id=15164, stack(0x0000000054780000,0x0000000054880000)]
  0x000000004d4d6800 JavaThread "PooledThread-27" [_thread_blocked, id=11952, stack(0x0000000054680000,0x0000000054780000)]
  0x000000004d4d6000 JavaThread "PooledThread-26" [_thread_blocked, id=14544, stack(0x0000000054580000,0x0000000054680000)]
  0x000000004d4d5800 JavaThread "PooledThread-25" [_thread_blocked, id=6804, stack(0x0000000054480000,0x0000000054580000)]
  0x000000004d4d4800 JavaThread "PooledThread-24" [_thread_blocked, id=11436, stack(0x0000000054380000,0x0000000054480000)]
  0x000000004d4d4000 JavaThread "PooledThread-23" [_thread_blocked, id=15332, stack(0x0000000054280000,0x0000000054380000)]
  0x000000004d4d3000 JavaThread "PooledThread-22" [_thread_blocked, id=8968, stack(0x0000000054180000,0x0000000054280000)]
  0x000000004d4d2800 JavaThread "PooledThread-21" [_thread_blocked, id=13744, stack(0x0000000054080000,0x0000000054180000)]
  0x000000004d4d1800 JavaThread "PooledThread-20" [_thread_blocked, id=15540, stack(0x0000000053f80000,0x0000000054080000)]
  0x000000004d4d1000 JavaThread "PooledThread-19" [_thread_blocked, id=8436, stack(0x0000000053e80000,0x0000000053f80000)]
  0x000000004d4d0000 JavaThread "PooledThread-18" [_thread_blocked, id=9400, stack(0x0000000053d80000,0x0000000053e80000)]
  0x000000004d4cf800 JavaThread "PooledThread-17" [_thread_blocked, id=9664, stack(0x0000000053c80000,0x0000000053d80000)]
  0x000000004d4cf000 JavaThread "PooledThread-16" [_thread_blocked, id=9880, stack(0x0000000053b80000,0x0000000053c80000)]
  0x000000004d4ce000 JavaThread "PooledThread-15" [_thread_blocked, id=14740, stack(0x0000000053a80000,0x0000000053b80000)]
  0x000000004d4cd800 JavaThread "PooledThread-14" [_thread_blocked, id=7488, stack(0x0000000053980000,0x0000000053a80000)]
  0x000000004d4cc800 JavaThread "PooledThread-13" [_thread_blocked, id=13168, stack(0x0000000053880000,0x0000000053980000)]
  0x000000004d4cc000 JavaThread "PooledThread-12" [_thread_blocked, id=5620, stack(0x0000000053780000,0x0000000053880000)]
  0x000000004d4cb000 JavaThread "PooledThread-11" [_thread_blocked, id=8264, stack(0x0000000053680000,0x0000000053780000)]
  0x000000004d4ca800 JavaThread "PooledThread-10" [_thread_blocked, id=12408, stack(0x0000000053580000,0x0000000053680000)]
  0x000000004d4c9800 JavaThread "PooledThread-9" [_thread_blocked, id=16136, stack(0x0000000053480000,0x0000000053580000)]
  0x000000004d496800 JavaThread "PooledThread-8" [_thread_blocked, id=13012, stack(0x0000000053380000,0x0000000053480000)]
  0x000000004d495800 JavaThread "PooledThread-7" [_thread_blocked, id=13780, stack(0x0000000053280000,0x0000000053380000)]
  0x000000004d495000 JavaThread "PooledThread-6" [_thread_blocked, id=9800, stack(0x0000000053180000,0x0000000053280000)]
  0x000000004d494000 JavaThread "PooledThread-5" [_thread_blocked, id=11748, stack(0x0000000053080000,0x0000000053180000)]
  0x000000004d493800 JavaThread "PooledThread-4" [_thread_blocked, id=13152, stack(0x0000000052f80000,0x0000000053080000)]
  0x000000004d492800 JavaThread "PooledThread-3" [_thread_blocked, id=15264, stack(0x0000000052e80000,0x0000000052f80000)]
  0x000000004d492000 JavaThread "PooledThread-2" [_thread_blocked, id=6460, stack(0x0000000052d80000,0x0000000052e80000)]
  0x000000004d491800 JavaThread "PooledThread-1" [_thread_blocked, id=10084, stack(0x0000000052c80000,0x0000000052d80000)]
  0x000000004d490800 JavaThread "PooledThread-0" [_thread_blocked, id=13284, stack(0x0000000052b80000,0x0000000052c80000)]
  0x000000004d490000 JavaThread "PooledThread-31" [_thread_blocked, id=13880, stack(0x0000000052880000,0x0000000052980000)]
  0x000000004d48f000 JavaThread "PooledThread-30" [_thread_blocked, id=15836, stack(0x0000000052780000,0x0000000052880000)]
  0x000000004d48e800 JavaThread "PooledThread-29" [_thread_blocked, id=15976, stack(0x0000000052680000,0x0000000052780000)]
  0x000000004d48d800 JavaThread "PooledThread-28" [_thread_blocked, id=9308, stack(0x0000000052580000,0x0000000052680000)]
  0x000000004d48d000 JavaThread "PooledThread-27" [_thread_blocked, id=16164, stack(0x0000000052480000,0x0000000052580000)]
  0x000000004d48c000 JavaThread "PooledThread-26" [_thread_blocked, id=11320, stack(0x0000000052380000,0x0000000052480000)]
  0x000000004d48b800 JavaThread "PooledThread-25" [_thread_blocked, id=13804, stack(0x0000000052280000,0x0000000052380000)]
  0x000000004d48b000 JavaThread "PooledThread-24" [_thread_blocked, id=12152, stack(0x0000000052180000,0x0000000052280000)]
  0x000000004d48a000 JavaThread "PooledThread-23" [_thread_blocked, id=12596, stack(0x0000000052080000,0x0000000052180000)]
  0x000000004d489800 JavaThread "PooledThread-22" [_thread_blocked, id=13148, stack(0x0000000051f80000,0x0000000052080000)]
  0x000000004d488800 JavaThread "PooledThread-21" [_thread_blocked, id=10604, stack(0x0000000051e80000,0x0000000051f80000)]
  0x000000004d488000 JavaThread "PooledThread-20" [_thread_blocked, id=15144, stack(0x0000000051d80000,0x0000000051e80000)]
  0x000000004d487000 JavaThread "PooledThread-19" [_thread_blocked, id=11128, stack(0x0000000051c80000,0x0000000051d80000)]
  0x000000004d45f000 JavaThread "PooledThread-18" [_thread_blocked, id=13832, stack(0x0000000051b80000,0x0000000051c80000)]
  0x000000004d45e800 JavaThread "PooledThread-17" [_thread_blocked, id=11488, stack(0x0000000051a80000,0x0000000051b80000)]
  0x000000004d45d800 JavaThread "PooledThread-16" [_thread_blocked, id=15828, stack(0x0000000051980000,0x0000000051a80000)]
  0x000000004d45d000 JavaThread "PooledThread-15" [_thread_blocked, id=10384, stack(0x0000000051880000,0x0000000051980000)]
  0x000000004d45c000 JavaThread "PooledThread-14" [_thread_blocked, id=15696, stack(0x0000000051780000,0x0000000051880000)]
  0x000000004d45b800 JavaThread "PooledThread-13" [_thread_blocked, id=12548, stack(0x0000000051680000,0x0000000051780000)]
  0x000000004d45a800 JavaThread "PooledThread-12" [_thread_blocked, id=14988, stack(0x0000000051580000,0x0000000051680000)]
  0x000000004d45a000 JavaThread "PooledThread-11" [_thread_blocked, id=13496, stack(0x0000000051480000,0x0000000051580000)]
  0x000000004d459800 JavaThread "PooledThread-10" [_thread_blocked, id=12956, stack(0x0000000051380000,0x0000000051480000)]
  0x000000004d458800 JavaThread "PooledThread-9" [_thread_blocked, id=14352, stack(0x0000000051280000,0x0000000051380000)]
  0x000000004d458000 JavaThread "PooledThread-8" [_thread_blocked, id=10140, stack(0x0000000051180000,0x0000000051280000)]
  0x000000004d457000 JavaThread "PooledThread-7" [_thread_blocked, id=9412, stack(0x0000000051080000,0x0000000051180000)]
  0x000000004d456800 JavaThread "PooledThread-6" [_thread_blocked, id=12796, stack(0x0000000050f80000,0x0000000051080000)]
  0x000000004d455800 JavaThread "PooledThread-5" [_thread_blocked, id=6696, stack(0x0000000050e80000,0x0000000050f80000)]
  0x000000004d455000 JavaThread "PooledThread-4" [_thread_blocked, id=15200, stack(0x0000000050d80000,0x0000000050e80000)]
  0x000000004d454000 JavaThread "PooledThread-3" [_thread_blocked, id=14776, stack(0x0000000050c80000,0x0000000050d80000)]
  0x000000004d453800 JavaThread "PooledThread-2" [_thread_blocked, id=13864, stack(0x0000000050b80000,0x0000000050c80000)]
  0x000000004d453000 JavaThread "PooledThread-1" [_thread_blocked, id=9488, stack(0x0000000050a80000,0x0000000050b80000)]
  0x000000004d452000 JavaThread "PooledThread-0" [_thread_blocked, id=13808, stack(0x0000000050980000,0x0000000050a80000)]
  0x000000004d451800 JavaThread "PooledThread-31" [_thread_blocked, id=8564, stack(0x0000000050880000,0x0000000050980000)]
  0x000000004d450800 JavaThread "PooledThread-30" [_thread_blocked, id=13816, stack(0x0000000050780000,0x0000000050880000)]
  0x000000004d450000 JavaThread "PooledThread-29" [_thread_blocked, id=10428, stack(0x0000000050680000,0x0000000050780000)]
  0x000000004d43e800 JavaThread "PooledThread-28" [_thread_blocked, id=12628, stack(0x0000000050580000,0x0000000050680000)]
  0x000000004d43e000 JavaThread "PooledThread-27" [_thread_blocked, id=8164, stack(0x0000000050480000,0x0000000050580000)]
  0x000000004d43d000 JavaThread "PooledThread-26" [_thread_blocked, id=14344, stack(0x0000000050380000,0x0000000050480000)]
  0x000000004d43c800 JavaThread "PooledThread-25" [_thread_blocked, id=13480, stack(0x0000000050280000,0x0000000050380000)]
  0x000000004d43b800 JavaThread "PooledThread-24" [_thread_blocked, id=3384, stack(0x0000000050180000,0x0000000050280000)]
  0x000000004d43b000 JavaThread "PooledThread-23" [_thread_blocked, id=12512, stack(0x0000000050080000,0x0000000050180000)]
  0x000000004d43a000 JavaThread "PooledThread-22" [_thread_blocked, id=8480, stack(0x000000004ff80000,0x0000000050080000)]
  0x000000004d439800 JavaThread "PooledThread-21" [_thread_blocked, id=11308, stack(0x000000004fe80000,0x000000004ff80000)]
  0x000000004d439000 JavaThread "PooledThread-20" [_thread_blocked, id=13868, stack(0x000000004fd80000,0x000000004fe80000)]
  0x000000004d438000 JavaThread "PooledThread-19" [_thread_blocked, id=15056, stack(0x000000004fc80000,0x000000004fd80000)]
  0x000000004d437800 JavaThread "PooledThread-18" [_thread_blocked, id=3352, stack(0x000000004fb80000,0x000000004fc80000)]
  0x000000004d436800 JavaThread "PooledThread-17" [_thread_blocked, id=7216, stack(0x000000004fa80000,0x000000004fb80000)]
  0x000000004d436000 JavaThread "PooledThread-16" [_thread_blocked, id=13476, stack(0x000000004f980000,0x000000004fa80000)]
  0x000000004d435000 JavaThread "PooledThread-15" [_thread_blocked, id=1904, stack(0x000000004f880000,0x000000004f980000)]
  0x000000004d434800 JavaThread "PooledThread-14" [_thread_blocked, id=11156, stack(0x000000004f780000,0x000000004f880000)]
  0x000000004d433800 JavaThread "PooledThread-13" [_thread_blocked, id=8880, stack(0x000000004f680000,0x000000004f780000)]
  0x000000004d433000 JavaThread "PooledThread-12" [_thread_blocked, id=12928, stack(0x000000004f580000,0x000000004f680000)]
  0x000000004d432800 JavaThread "PooledThread-11" [_thread_blocked, id=8212, stack(0x000000004f480000,0x000000004f580000)]
  0x000000004d431800 JavaThread "PooledThread-10" [_thread_blocked, id=7244, stack(0x000000004f380000,0x000000004f480000)]
  0x000000004d431000 JavaThread "PooledThread-9" [_thread_blocked, id=15292, stack(0x000000004f280000,0x000000004f380000)]
  0x000000004d430000 JavaThread "PooledThread-8" [_thread_blocked, id=10748, stack(0x000000004f180000,0x000000004f280000)]
  0x000000004d42f800 JavaThread "PooledThread-7" [_thread_blocked, id=13024, stack(0x000000004f080000,0x000000004f180000)]
  0x000000004d42d800 JavaThread "PooledThread-6" [_thread_blocked, id=15592, stack(0x000000004ef80000,0x000000004f080000)]
  0x000000004d427000 JavaThread "PooledThread-5" [_thread_blocked, id=11760, stack(0x000000004ee80000,0x000000004ef80000)]
  0x000000004d424000 JavaThread "PooledThread-4" [_thread_blocked, id=11096, stack(0x000000004ed80000,0x000000004ee80000)]
  0x000000004d421800 JavaThread "PooledThread-3" [_thread_blocked, id=2880, stack(0x000000004ec80000,0x000000004ed80000)]
  0x0000000049fdd000 JavaThread "PooledThread-2" [_thread_blocked, id=7436, stack(0x000000004eb80000,0x000000004ec80000)]
  0x0000000049fd2000 JavaThread "PooledThread-1" [_thread_blocked, id=4748, stack(0x000000004ea80000,0x000000004eb80000)]
  0x0000000049fd1800 JavaThread "PooledThread-0" [_thread_blocked, id=15608, stack(0x000000004e980000,0x000000004ea80000)]
  0x0000000049fb8000 JavaThread "Java Sound Event Dispatcher" daemon [_thread_blocked, id=7528, stack(0x000000004e320000,0x000000004e420000)]
  0x0000000049f54800 JavaThread "AWT-Windows" daemon [_thread_in_native, id=9240, stack(0x000000004aa00000,0x000000004ab00000)]
  0x0000000049f51000 JavaThread "Java2D Disposer" daemon [_thread_blocked, id=13916, stack(0x000000004a800000,0x000000004a900000)]
  0x0000000049e7d800 JavaThread "Low Memory Detector" daemon [_thread_blocked, id=13960, stack(0x000000004a410000,0x000000004a510000)]
  0x0000000049e7a800 JavaThread "CompilerThread1" daemon [_thread_blocked, id=12020, stack(0x000000004a310000,0x000000004a410000)]
  0x0000000049e63000 JavaThread "CompilerThread0" daemon [_thread_blocked, id=10664, stack(0x000000004a210000,0x000000004a310000)]
  0x0000000049e60000 JavaThread "Attach Listener" daemon [_thread_blocked, id=12880, stack(0x000000004a110000,0x000000004a210000)]
  0x0000000049e5a800 JavaThread "Signal Dispatcher" daemon [_thread_blocked, id=12748, stack(0x000000004a010000,0x000000004a110000)]
  0x0000000000706800 JavaThread "Finalizer" daemon [_thread_blocked, id=13356, stack(0x0000000049d10000,0x0000000049e10000)]
  0x00000000006ff800 JavaThread "Reference Handler" daemon [_thread_blocked, id=13136, stack(0x0000000049c10000,0x0000000049d10000)]

Other Threads:
  0x00000000006fb000 VMThread [stack: 0x0000000049b10000,0x0000000049c10000] [id=12804]
  0x0000000049e7f800 WatcherThread [stack: 0x000000004a510000,0x000000004a610000] [id=11584]

VM state:not at safepoint (normal execution)

VM Mutex/Monitor currently owned by a thread: None

Heap
 PSYoungGen      total 18048K, used 3424K [0x0000000034500000, 0x0000000036210000, 0x0000000048e50000)
  eden space 15424K, 5% used [0x0000000034500000,0x00000000345cd8f0,0x0000000035410000)
  from space 2624K, 99% used [0x0000000035470000,0x00000000356fa7d8,0x0000000035700000)
  to   space 7168K, 0% used [0x0000000035b10000,0x0000000035b10000,0x0000000036210000)
 PSOldGen        total 42176K, used 6060K [0x000000000b250000, 0x000000000db80000, 0x0000000034500000)
  object space 42176K, 14% used [0x000000000b250000,0x000000000b83b0c0,0x000000000db80000)
 PSPermGen       total 21248K, used 11560K [0x0000000005e50000, 0x0000000007310000, 0x000000000b250000)
  object space 21248K, 54% used [0x0000000005e50000,0x000000000699a150,0x0000000007310000)

Dynamic libraries:
0x0000000000400000 - 0x000000000042e000 	C:\Program Files\Java\jre6\bin\javaw.exe
0x0000000076d80000 - 0x0000000076f2c000 	C:\Windows\SYSTEM32\ntdll.dll
0x0000000076c60000 - 0x0000000076d7f000 	C:\Windows\system32\kernel32.dll
0x000007fefd040000 - 0x000007fefd0ac000 	C:\Windows\system32\KERNELBASE.dll
0x000007fefefb0000 - 0x000007feff08b000 	C:\Windows\system32\ADVAPI32.dll
0x000007fefe570000 - 0x000007fefe60f000 	C:\Windows\system32\msvcrt.dll
0x000007fefe610000 - 0x000007fefe62f000 	C:\Windows\SYSTEM32\sechost.dll
0x000007fefe630000 - 0x000007fefe75e000 	C:\Windows\system32\RPCRT4.dll
0x0000000076b60000 - 0x0000000076c5a000 	C:\Windows\system32\USER32.dll
0x000007fefe7e0000 - 0x000007fefe847000 	C:\Windows\system32\GDI32.dll
0x000007fefd260000 - 0x000007fefd26e000 	C:\Windows\system32\LPK.dll
0x000007fefe0a0000 - 0x000007fefe16a000 	C:\Windows\system32\USP10.dll
0x000007fefcb70000 - 0x000007fefcbc7000 	C:\Windows\system32\apphelp.dll
0x000007feedab0000 - 0x000007feedb01000 	C:\Windows\AppPatch\AppPatch64\AcGenral.DLL
0x000007fefcb40000 - 0x000007fefcb65000 	C:\Windows\system32\SspiCli.dll
0x000007fefec10000 - 0x000007fefec81000 	C:\Windows\system32\SHLWAPI.dll
0x000007fefe360000 - 0x000007fefe562000 	C:\Windows\system32\ole32.dll
0x000007fefd270000 - 0x000007fefdff7000 	C:\Windows\system32\SHELL32.dll
0x000000006dca0000 - 0x000000006dca3000 	C:\Windows\system32\sfc.dll
0x000007fef5980000 - 0x000007fef5990000 	C:\Windows\system32\sfc_os.DLL
0x000007fefc020000 - 0x000007fefc03e000 	C:\Windows\system32\USERENV.dll
0x000007fefcce0000 - 0x000007fefccef000 	C:\Windows\system32\profapi.dll
0x000007fefaf80000 - 0x000007fefaf98000 	C:\Windows\system32\dwmapi.dll
0x000007fef94b0000 - 0x000007fef94c8000 	C:\Windows\system32\MPR.dll
0x000007fefd0b0000 - 0x000007fefd0de000 	C:\Windows\system32\IMM32.DLL
0x000007fefec90000 - 0x000007fefed99000 	C:\Windows\system32\MSCTF.dll
0x00000000026a0000 - 0x0000000002d45000 	C:\Program Files\Java\jre6\bin\server\jvm.dll
0x000007fef9470000 - 0x000007fef94ab000 	C:\Windows\system32\WINMM.dll
0x000000006d760000 - 0x000000006d76e000 	C:\Program Files\Java\jre6\bin\verify.dll
0x000000006d3b0000 - 0x000000006d3d7000 	C:\Program Files\Java\jre6\bin\java.dll
0x000000006d310000 - 0x000000006d31a000 	C:\Program Files\Java\jre6\bin\hpi.dll
0x0000000076f40000 - 0x0000000076f47000 	C:\Windows\system32\PSAPI.DLL
0x000000006d7b0000 - 0x000000006d7c2000 	C:\Program Files\Java\jre6\bin\zip.dll
0x000000006d000000 - 0x000000006d1c3000 	C:\Program Files\Java\jre6\bin\awt.dll
0x000007fefad10000 - 0x000007fefad80000 	C:\Windows\system32\WINSPOOL.DRV
0x000007fefb770000 - 0x000007fefb964000 	C:\Windows\WinSxS\amd64_microsoft.windows.common-controls_6595b64144ccf1df_6.0.7600.16661_none_fa62ad231704eab7\COMCTL32.dll
0x000007fefb460000 - 0x000007fefb4b6000 	C:\Windows\system32\uxtheme.dll
0x000000006d2a0000 - 0x000000006d30b000 	C:\Program Files\Java\jre6\bin\fontmanager.dll
0x000007fefcc10000 - 0x000007fefcc1f000 	C:\Windows\system32\CRYPTBASE.dll
0x000007fee8f60000 - 0x000007fee915f000 	C:\Windows\system32\d3d9.dll
0x000007fefbe00000 - 0x000007fefbe0c000 	C:\Windows\system32\VERSION.dll
0x000007fefb4e0000 - 0x000007fefb4e7000 	C:\Windows\system32\d3d8thk.dll
0x000000006de90000 - 0x000000006e30b000 	C:\Windows\system32\atiumd64.dll
0x000000006e780000 - 0x000000006ea17000 	C:\Windows\system32\atiumd6a.dll
0x000000006d510000 - 0x000000006d53e000 	C:\Program Files\Java\jre6\bin\jsound.dll
0x000007fefb640000 - 0x000007fefb68b000 	C:\Windows\system32\MMDevAPI.DLL
0x000007fefb510000 - 0x000007fefb63c000 	C:\Windows\system32\PROPSYS.dll
0x000007fefeed0000 - 0x000007fefefa7000 	C:\Windows\system32\OLEAUT32.dll
0x000007fef5c80000 - 0x000007fef5cbb000 	C:\Windows\system32\wdmaud.drv
0x000000006f5c0000 - 0x000000006f5c6000 	C:\Windows\system32\ksuser.dll
0x000007fefb740000 - 0x000007fefb749000 	C:\Windows\system32\AVRT.dll
0x000007fefe170000 - 0x000007fefe347000 	C:\Windows\system32\SETUPAPI.dll
0x000007fefcfe0000 - 0x000007fefd016000 	C:\Windows\system32\CFGMGR32.dll
0x000007fefd020000 - 0x000007fefd03a000 	C:\Windows\system32\DEVOBJ.dll
0x000007fef7200000 - 0x000007fef724f000 	C:\Windows\system32\AUDIOSES.DLL
0x000007fef8140000 - 0x000007fef814a000 	C:\Windows\system32\msacm32.drv
0x000007fef6070000 - 0x000007fef6088000 	C:\Windows\system32\MSACM32.dll
0x000007fef5b60000 - 0x000007fef5b69000 	C:\Windows\system32\midimap.dll
0x000000006d600000 - 0x000000006d617000 	C:\Program Files\Java\jre6\bin\net.dll
0x000007fefe850000 - 0x000007fefe89d000 	C:\Windows\system32\WS2_32.dll
0x000007fefe350000 - 0x000007fefe358000 	C:\Windows\system32\NSI.dll
0x000007fefc510000 - 0x000007fefc564000 	C:\Windows\system32\mswsock.dll
0x000007fefc500000 - 0x000007fefc507000 	C:\Windows\System32\wship6.dll
0x000000006d620000 - 0x000000006d62b000 	C:\Program Files\Java\jre6\bin\nio.dll
0x000007fefe000000 - 0x000007fefe099000 	C:\Windows\system32\CLBCatQ.DLL
0x000000004a610000 - 0x000000004a675000 	C:\Program Files\WIDCOMM\Bluetooth Software\btmmhook.dll

VM Arguments:
jvm_args: -Dfile.encoding=Cp1252 
java_command: com.shikhar.mario.core.GameFrame
Launcher Type: SUN_STANDARD

Environment Variables:
PATH=C:\Program Files\Common Files\Microsoft Shared\Windows Live;C:\Windows\system32;C:\Windows;C:\Windows\System32\Wbem;C:\Windows\System32\WindowsPowerShell\v1.0\;C:\Program Files\WIDCOMM\Bluetooth Software\;C:\Program Files\WIDCOMM\Bluetooth Software\syswow64;\;C:\Program Files (x86)\Sony\VAIO Startup Setting Tool;c:\Program Files (x86)\ATI Technologies\ATI.ACE\Core-Static;C:\Program Files\SlikSvn\bin
USERNAME=mahesh
OS=Windows_NT
PROCESSOR_IDENTIFIER=Intel64 Family 6 Model 37 Stepping 5, GenuineIntel



---------------  S Y S T E M  ---------------

OS: Windows 7 Build 7600 

CPU:total 4 (8 cores per cpu, 2 threads per core) family 6 model 37 stepping 5, cmov, cx8, fxsr, mmx, sse, sse2, sse3, ssse3, sse4.1, sse4.2, popcnt, ht

Memory: 4k page, physical 4044900k(1177980k free), swap 8087900k(4333340k free)

vm_info: Java HotSpot(TM) 64-Bit Server VM (16.3-b01) for windows-amd64 JRE (1.6.0_20-b02), built on Apr 12 2010 13:44:19 by "java_re" with MS VC++ 8.0 (VS2005)

time: Fri Sep 13 10:46:13 2013
elapsed time: 79 seconds

