#
# A fatal error has been detected by the Java Runtime Environment:
#
#  EXCEPTION_ACCESS_VIOLATION (0xc0000005) at pc=0x000000006d51bc77, pid=8200, tid=7072
#
# JRE version: 6.0_20-b02
# Java VM: Java HotSpot(TM) 64-Bit Server VM (16.3-b01 mixed mode windows-amd64 )
# Problematic frame:
# C  [jsound.dll+0xbc77]
#
# If you would like to submit a bug report, please visit:
#   http://java.sun.com/webapps/bugreport/crash.jsp
# The crash happened outside the Java Virtual Machine in native code.
# See problematic frame for where to report the bug.
#

---------------  T H R E A D  ---------------

Current thread (0x000000004d534000):  JavaThread "Headspace mixer frame proc thread" daemon [_thread_in_native, id=7072, stack(0x0000000054bb0000,0x0000000054cb0000)]

siginfo: ExceptionCode=0xc0000005, reading address 0xffffffffffffffff

Registers:
EAX=0x0000000001c82c46, EBX=0x00000000508fc4e0, ECX=0x0000000001c82c46, EDX=0x0000000000268fa0
ESP=0x0000000054caf310, EBP=0x0000000000000010, ESI=0x000000004d5341b8, EDI=0x000000000001ce00
EIP=0x000000006d51bc77, EFLAGS=0x0000000000010297

Top of Stack: (sp=0x0000000054caf310)
0x0000000054caf310:   00000000002782a0 000000006d520812
0x0000000054caf320:   0000000000000100 000000004d5341b8
0x0000000054caf330:   0000000000011dc0 0000000000011dc0
0x0000000054caf340:   0000000000000040 000000004d534000
0x0000000054caf350:   0000000054caf910 000000004d5341b8
0x0000000054caf360:   0000000000000000 000000000001ce00
0x0000000054caf370:   000000004d5341b8 0000000000000010
0x0000000054caf380:   0000000000268fa0 000000006d51d4a0
0x0000000054caf390:   00000000221867a5 000000004d5341b8
0x0000000054caf3a0:   0000000054caf400 000000006d52b22b
0x0000000054caf3b0:   000000093fd507a6 00000000508b30b0
0x0000000054caf3c0:   0000000000000040 000000004d5341b8
0x0000000054caf3d0:   0000000000268fa0 000000006d520e4d
0x0000000054caf3e0:   0000000000000000 000007fefd1610ac
0x0000000054caf3f0:   0000000000000048 0000000000000001
0x0000000054caf400:   0000000000000000 0000000000000000 

Instructions: (pc=0x000000006d51bc77)
0x000000006d51bc67:   e0 de 01 00 0f 84 05 03 00 00 4c 8b c1 41 8b ce
0x000000006d51bc77:   41 2b 48 08 85 c9 7e 2f 48 83 82 e8 de 01 00 10 


Stack: [0x0000000054bb0000,0x0000000054cb0000],  sp=0x0000000054caf310,  free space=3fc0000000000000000k
Native frames: (J=compiled Java code, j=interpreted, Vv=VM code, C=native code)
C  [jsound.dll+0xbc77]

[error occurred during error reporting (printing native stack), id 0xc0000005]

Java frames: (J=compiled Java code, j=interpreted, Vv=VM code)
j  com.sun.media.sound.MixerThread.runNative(J)V+0
j  com.sun.media.sound.MixerThread.run()V+5
v  ~StubRoutines::call_stub

---------------  P R O C E S S  ---------------

Java Threads: ( => current thread )
  0x0000000056126800 JavaThread "Java Sound Sequencer" [_thread_blocked, id=12516, stack(0x0000000070af0000,0x0000000070bf0000)]
  0x0000000056125800 JavaThread "Java Sound Sequencer" [_thread_blocked, id=12508, stack(0x00000000709f0000,0x0000000070af0000)]
  0x000000005bfee000 JavaThread "Java Sound Sequencer" [_thread_blocked, id=12540, stack(0x00000000708f0000,0x00000000709f0000)]
  0x000000005bfed800 JavaThread "Java Sound Sequencer" [_thread_blocked, id=12500, stack(0x00000000707f0000,0x00000000708f0000)]
  0x000000005bfec800 JavaThread "Java Sound Sequencer" [_thread_blocked, id=12504, stack(0x00000000706f0000,0x00000000707f0000)]
  0x000000005bfec000 JavaThread "Java Sound Sequencer" [_thread_blocked, id=12524, stack(0x00000000705f0000,0x00000000706f0000)]
  0x000000005bfeb800 JavaThread "Java Sound Sequencer" [_thread_blocked, id=12532, stack(0x00000000704f0000,0x00000000705f0000)]
  0x000000005bfea800 JavaThread "Java Sound Sequencer" [_thread_blocked, id=12512, stack(0x00000000703f0000,0x00000000704f0000)]
  0x000000005bfea000 JavaThread "Java Sound Sequencer" [_thread_blocked, id=12484, stack(0x00000000702f0000,0x00000000703f0000)]
  0x000000005bfe9000 JavaThread "Java Sound Sequencer" [_thread_blocked, id=12492, stack(0x00000000701f0000,0x00000000702f0000)]
  0x000000005bfe8800 JavaThread "Java Sound Sequencer" [_thread_blocked, id=12436, stack(0x00000000700f0000,0x00000000701f0000)]
  0x000000005bfe7800 JavaThread "Java Sound Sequencer" [_thread_blocked, id=12488, stack(0x000000006fff0000,0x00000000700f0000)]
  0x000000005bfe7000 JavaThread "Java Sound Sequencer" [_thread_blocked, id=12428, stack(0x000000006fef0000,0x000000006fff0000)]
  0x000000005bfe6000 JavaThread "Java Sound Sequencer" [_thread_blocked, id=12432, stack(0x000000006fdf0000,0x000000006fef0000)]
  0x000000005bfe5800 JavaThread "Java Sound Sequencer" [_thread_blocked, id=12472, stack(0x000000006fcf0000,0x000000006fdf0000)]
  0x000000005bfe5000 JavaThread "Java Sound Sequencer" [_thread_blocked, id=12468, stack(0x000000006fbf0000,0x000000006fcf0000)]
  0x000000005bfe4000 JavaThread "Java Sound Sequencer" [_thread_blocked, id=12476, stack(0x000000006faf0000,0x000000006fbf0000)]
  0x000000005bfe3800 JavaThread "Java Sound Sequencer" [_thread_blocked, id=12480, stack(0x000000006f9f0000,0x000000006faf0000)]
  0x000000005bfe2800 JavaThread "Java Sound Sequencer" [_thread_blocked, id=12460, stack(0x000000006f8f0000,0x000000006f9f0000)]
  0x000000005bfe2000 JavaThread "Java Sound Sequencer" [_thread_blocked, id=12464, stack(0x000000006f7f0000,0x000000006f8f0000)]
  0x000000005bfe1000 JavaThread "Java Sound Sequencer" [_thread_blocked, id=8068, stack(0x000000006f6f0000,0x000000006f7f0000)]
  0x000000005bfe0800 JavaThread "Java Sound Sequencer" [_thread_blocked, id=12444, stack(0x000000006f5f0000,0x000000006f6f0000)]
  0x000000005bfdf800 JavaThread "Java Sound Sequencer" [_thread_blocked, id=12440, stack(0x000000006f4f0000,0x000000006f5f0000)]
  0x000000005bfdf000 JavaThread "Java Sound Sequencer" [_thread_blocked, id=12416, stack(0x000000006f3f0000,0x000000006f4f0000)]
  0x0000000055a03800 JavaThread "Java Sound Sequencer" [_thread_blocked, id=12424, stack(0x000000006f2f0000,0x000000006f3f0000)]
  0x0000000055a02800 JavaThread "Java Sound Sequencer" [_thread_blocked, id=12420, stack(0x000000006f1f0000,0x000000006f2f0000)]
  0x0000000055a02000 JavaThread "Java Sound Sequencer" [_thread_blocked, id=12404, stack(0x000000006f0f0000,0x000000006f1f0000)]
  0x0000000055a01000 JavaThread "Java Sound Sequencer" [_thread_blocked, id=16224, stack(0x000000006eff0000,0x000000006f0f0000)]
  0x0000000055a00800 JavaThread "Java Sound Sequencer" [_thread_blocked, id=7856, stack(0x000000006eef0000,0x000000006eff0000)]
  0x00000000559ff800 JavaThread "Java Sound Sequencer" [_thread_blocked, id=8324, stack(0x000000006edf0000,0x000000006eef0000)]
  0x00000000559ff000 JavaThread "Java Sound Sequencer" [_thread_blocked, id=12412, stack(0x000000006ecf0000,0x000000006edf0000)]
  0x00000000559fe000 JavaThread "Java Sound Sequencer" [_thread_blocked, id=12408, stack(0x000000006ebf0000,0x000000006ecf0000)]
  0x00000000559fd800 JavaThread "Java Sound Sequencer" [_thread_blocked, id=12376, stack(0x000000006ea80000,0x000000006eb80000)]
  0x00000000559fd000 JavaThread "Java Sound Sequencer" [_thread_blocked, id=12392, stack(0x000000006e980000,0x000000006ea80000)]
  0x00000000559fc000 JavaThread "Java Sound Sequencer" [_thread_blocked, id=12328, stack(0x000000006e880000,0x000000006e980000)]
  0x00000000559fb800 JavaThread "Java Sound Sequencer" [_thread_blocked, id=12320, stack(0x000000006e780000,0x000000006e880000)]
  0x00000000559fa800 JavaThread "Java Sound Sequencer" [_thread_blocked, id=12300, stack(0x000000006e680000,0x000000006e780000)]
  0x00000000559fa000 JavaThread "Java Sound Sequencer" [_thread_blocked, id=12316, stack(0x000000006e580000,0x000000006e680000)]
  0x00000000559f9000 JavaThread "Java Sound Sequencer" [_thread_blocked, id=9684, stack(0x000000006e480000,0x000000006e580000)]
  0x00000000559f8800 JavaThread "Java Sound Sequencer" [_thread_blocked, id=12308, stack(0x000000006e380000,0x000000006e480000)]
  0x00000000559f7800 JavaThread "Java Sound Sequencer" [_thread_blocked, id=15820, stack(0x000000006e280000,0x000000006e380000)]
  0x00000000559f7000 JavaThread "Java Sound Sequencer" [_thread_blocked, id=15892, stack(0x000000006e180000,0x000000006e280000)]
  0x00000000559f6800 JavaThread "Java Sound Sequencer" [_thread_blocked, id=8736, stack(0x000000006e080000,0x000000006e180000)]
  0x00000000559f5800 JavaThread "Java Sound Sequencer" [_thread_blocked, id=12292, stack(0x000000006df80000,0x000000006e080000)]
  0x00000000559f5000 JavaThread "Java Sound Sequencer" [_thread_blocked, id=6728, stack(0x000000006de80000,0x000000006df80000)]
  0x00000000559f4000 JavaThread "Java Sound Sequencer" [_thread_blocked, id=8760, stack(0x000000006dcd0000,0x000000006ddd0000)]
  0x0000000055bc2800 JavaThread "Java Sound Sequencer" [_thread_blocked, id=8752, stack(0x000000006dbd0000,0x000000006dcd0000)]
  0x0000000055bc1800 JavaThread "Java Sound Sequencer" [_thread_blocked, id=8780, stack(0x000000006dad0000,0x000000006dbd0000)]
  0x0000000055bc1000 JavaThread "Java Sound Sequencer" [_thread_blocked, id=8740, stack(0x000000006d9d0000,0x000000006dad0000)]
  0x0000000055bc0000 JavaThread "Java Sound Sequencer" [_thread_blocked, id=8756, stack(0x000000006d8d0000,0x000000006d9d0000)]
  0x0000000055bbf800 JavaThread "Java Sound Sequencer" [_thread_blocked, id=8856, stack(0x000000006d7d0000,0x000000006d8d0000)]
  0x0000000055bbe800 JavaThread "Java Sound Sequencer" [_thread_blocked, id=12384, stack(0x000000006d630000,0x000000006d730000)]
  0x0000000055bbe000 JavaThread "Java Sound Sequencer" [_thread_blocked, id=12340, stack(0x000000006d3e0000,0x000000006d4e0000)]
  0x0000000055bbd000 JavaThread "Java Sound Sequencer" [_thread_blocked, id=15860, stack(0x000000006ce70000,0x000000006cf70000)]
  0x0000000055bbc800 JavaThread "Java Sound Sequencer" [_thread_blocked, id=12304, stack(0x000000006cd70000,0x000000006ce70000)]
  0x0000000055bbc000 JavaThread "Java Sound Sequencer" [_thread_blocked, id=12828, stack(0x000000006cc70000,0x000000006cd70000)]
  0x0000000055bbb000 JavaThread "Java Sound Sequencer" [_thread_blocked, id=9012, stack(0x000000006cb70000,0x000000006cc70000)]
  0x0000000055bba800 JavaThread "Java Sound Sequencer" [_thread_blocked, id=12336, stack(0x000000006ca70000,0x000000006cb70000)]
  0x0000000055bb9800 JavaThread "Java Sound Sequencer" [_thread_blocked, id=7044, stack(0x000000006c970000,0x000000006ca70000)]
  0x0000000055bb9000 JavaThread "Java Sound Sequencer" [_thread_blocked, id=12296, stack(0x000000006c870000,0x000000006c970000)]
  0x0000000055bb8000 JavaThread "Java Sound Sequencer" [_thread_blocked, id=12360, stack(0x000000006c770000,0x000000006c870000)]
  0x0000000055bb7800 JavaThread "Java Sound Sequencer" [_thread_blocked, id=12352, stack(0x000000006c670000,0x000000006c770000)]
  0x0000000055bb6800 JavaThread "Java Sound Sequencer" [_thread_blocked, id=9704, stack(0x000000006c570000,0x000000006c670000)]
  0x0000000055bb6000 JavaThread "Java Sound Sequencer" [_thread_blocked, id=12348, stack(0x000000006c470000,0x000000006c570000)]
  0x0000000055bb5800 JavaThread "Java Sound Sequencer" [_thread_blocked, id=12344, stack(0x000000006c370000,0x000000006c470000)]
  0x0000000055bb4800 JavaThread "Java Sound Sequencer" [_thread_blocked, id=12852, stack(0x000000006c270000,0x000000006c370000)]
  0x0000000055bb4000 JavaThread "Java Sound Sequencer" [_thread_blocked, id=15800, stack(0x000000006c170000,0x000000006c270000)]
  0x0000000055bb3000 JavaThread "Java Sound Sequencer" [_thread_blocked, id=15804, stack(0x000000006c070000,0x000000006c170000)]
  0x0000000049ef1000 JavaThread "Java Sound Sequencer" [_thread_blocked, id=8372, stack(0x000000006bf70000,0x000000006c070000)]
  0x0000000049ef0800 JavaThread "Java Sound Sequencer" [_thread_blocked, id=8484, stack(0x000000006be70000,0x000000006bf70000)]
  0x0000000049eef800 JavaThread "Java Sound Sequencer" [_thread_blocked, id=12856, stack(0x000000006bd70000,0x000000006be70000)]
  0x0000000049eef000 JavaThread "Java Sound Sequencer" [_thread_blocked, id=8272, stack(0x000000006bc70000,0x000000006bd70000)]
  0x0000000049eee000 JavaThread "Java Sound Sequencer" [_thread_blocked, id=8204, stack(0x000000006bb70000,0x000000006bc70000)]
  0x0000000049eed800 JavaThread "Java Sound Sequencer" [_thread_blocked, id=8368, stack(0x000000006ba70000,0x000000006bb70000)]
  0x0000000049eec800 JavaThread "Java Sound Sequencer" [_thread_blocked, id=12372, stack(0x000000006b970000,0x000000006ba70000)]
  0x0000000049eec000 JavaThread "Java Sound Sequencer" [_thread_blocked, id=12356, stack(0x000000006b870000,0x000000006b970000)]
  0x0000000049eeb800 JavaThread "Java Sound Sequencer" [_thread_blocked, id=12332, stack(0x000000006b770000,0x000000006b870000)]
  0x0000000049eea800 JavaThread "Java Sound Sequencer" [_thread_blocked, id=12312, stack(0x000000006b670000,0x000000006b770000)]
  0x0000000049eea000 JavaThread "Java Sound Sequencer" [_thread_blocked, id=12324, stack(0x000000006b570000,0x000000006b670000)]
  0x0000000049ee9000 JavaThread "Java Sound Sequencer" [_thread_blocked, id=8840, stack(0x000000006b470000,0x000000006b570000)]
  0x0000000049ee8800 JavaThread "Java Sound Sequencer" [_thread_blocked, id=8824, stack(0x000000006b370000,0x000000006b470000)]
  0x0000000049ee7800 JavaThread "Java Sound Sequencer" [_thread_blocked, id=8748, stack(0x000000006b270000,0x000000006b370000)]
  0x0000000049ee7000 JavaThread "Java Sound Sequencer" [_thread_blocked, id=8688, stack(0x000000006b170000,0x000000006b270000)]
  0x0000000049ee6000 JavaThread "Java Sound Sequencer" [_thread_blocked, id=8964, stack(0x000000006b070000,0x000000006b170000)]
  0x0000000049ee5800 JavaThread "Java Sound Sequencer" [_thread_blocked, id=11788, stack(0x000000006af70000,0x000000006b070000)]
  0x0000000049ee5000 JavaThread "Java Sound Sequencer" [_thread_blocked, id=11776, stack(0x000000006ae70000,0x000000006af70000)]
  0x0000000049ee4000 JavaThread "Java Sound Sequencer" [_thread_blocked, id=9076, stack(0x000000006ad70000,0x000000006ae70000)]
  0x0000000049ee3800 JavaThread "Java Sound Sequencer" [_thread_blocked, id=8208, stack(0x000000006ac70000,0x000000006ad70000)]
  0x0000000049ee2800 JavaThread "Java Sound Sequencer" [_thread_blocked, id=8336, stack(0x000000006ab70000,0x000000006ac70000)]
  0x0000000049ee2000 JavaThread "Java Sound Sequencer" [_thread_blocked, id=8340, stack(0x000000006aa70000,0x000000006ab70000)]
  0x0000000055a29800 JavaThread "Java Sound Sequencer" [_thread_blocked, id=7236, stack(0x000000006a970000,0x000000006aa70000)]
  0x0000000055a28800 JavaThread "Java Sound Sequencer" [_thread_blocked, id=8384, stack(0x000000006a870000,0x000000006a970000)]
  0x0000000055a28000 JavaThread "Java Sound Sequencer" [_thread_blocked, id=12796, stack(0x000000006a770000,0x000000006a870000)]
  0x0000000055a27000 JavaThread "Java Sound Sequencer" [_thread_blocked, id=1168, stack(0x000000006a670000,0x000000006a770000)]
  0x0000000055a26800 JavaThread "Java Sound Sequencer" [_thread_blocked, id=1704, stack(0x000000006a570000,0x000000006a670000)]
  0x0000000055a26000 JavaThread "Java Sound Sequencer" [_thread_blocked, id=8540, stack(0x000000006a470000,0x000000006a570000)]
  0x0000000055a25000 JavaThread "Java Sound Sequencer" [_thread_blocked, id=12388, stack(0x000000006a370000,0x000000006a470000)]
  0x0000000055a24800 JavaThread "Java Sound Sequencer" [_thread_blocked, id=12396, stack(0x000000006a270000,0x000000006a370000)]
  0x0000000055a23800 JavaThread "Java Sound Sequencer" [_thread_blocked, id=12380, stack(0x000000006a170000,0x000000006a270000)]
  0x0000000055a23000 JavaThread "Java Sound Sequencer" [_thread_blocked, id=3732, stack(0x000000006a070000,0x000000006a170000)]
  0x0000000055a22000 JavaThread "Java Sound Sequencer" [_thread_blocked, id=8584, stack(0x0000000069f70000,0x000000006a070000)]
  0x0000000055a21800 JavaThread "Java Sound Sequencer" [_thread_blocked, id=8564, stack(0x0000000069e70000,0x0000000069f70000)]
  0x0000000055a20800 JavaThread "Java Sound Sequencer" [_thread_blocked, id=8632, stack(0x0000000069d70000,0x0000000069e70000)]
  0x0000000055a20000 JavaThread "Java Sound Sequencer" [_thread_blocked, id=4776, stack(0x0000000069c70000,0x0000000069d70000)]
  0x0000000055a1f800 JavaThread "Java Sound Sequencer" [_thread_blocked, id=7204, stack(0x0000000069b70000,0x0000000069c70000)]
  0x0000000055a1e800 JavaThread "Java Sound Sequencer" [_thread_blocked, id=11692, stack(0x0000000069a70000,0x0000000069b70000)]
  0x0000000055a1e000 JavaThread "Java Sound Sequencer" [_thread_blocked, id=8572, stack(0x0000000069970000,0x0000000069a70000)]
  0x0000000055a1d000 JavaThread "Java Sound Sequencer" [_thread_blocked, id=8548, stack(0x0000000069870000,0x0000000069970000)]
  0x0000000055a1c800 JavaThread "Java Sound Sequencer" [_thread_blocked, id=9164, stack(0x0000000069770000,0x0000000069870000)]
  0x0000000055a1b800 JavaThread "Java Sound Sequencer" [_thread_blocked, id=9764, stack(0x0000000069670000,0x0000000069770000)]
  0x0000000055a1b000 JavaThread "Java Sound Sequencer" [_thread_blocked, id=5476, stack(0x0000000069570000,0x0000000069670000)]
  0x0000000055a1a000 JavaThread "Java Sound Sequencer" [_thread_blocked, id=11220, stack(0x0000000069470000,0x0000000069570000)]
  0x0000000055e68000 JavaThread "Java Sound Sequencer" [_thread_blocked, id=9688, stack(0x0000000069370000,0x0000000069470000)]
  0x0000000055e67800 JavaThread "Java Sound Sequencer" [_thread_blocked, id=11552, stack(0x0000000069270000,0x0000000069370000)]
  0x0000000055e66800 JavaThread "Java Sound Sequencer" [_thread_blocked, id=11560, stack(0x0000000069170000,0x0000000069270000)]
  0x0000000055e66000 JavaThread "Java Sound Sequencer" [_thread_blocked, id=9696, stack(0x0000000069070000,0x0000000069170000)]
  0x0000000055e65800 JavaThread "Java Sound Sequencer" [_thread_blocked, id=6236, stack(0x0000000068f70000,0x0000000069070000)]
  0x0000000055e64800 JavaThread "Java Sound Sequencer" [_thread_blocked, id=16220, stack(0x0000000068e70000,0x0000000068f70000)]
  0x0000000055e64000 JavaThread "Java Sound Sequencer" [_thread_blocked, id=11564, stack(0x0000000068d70000,0x0000000068e70000)]
  0x0000000055e63000 JavaThread "Java Sound Sequencer" [_thread_blocked, id=9700, stack(0x0000000068c70000,0x0000000068d70000)]
  0x0000000055e62800 JavaThread "Java Sound Sequencer" [_thread_blocked, id=9736, stack(0x0000000068b70000,0x0000000068c70000)]
  0x0000000055e61800 JavaThread "Java Sound Sequencer" [_thread_blocked, id=9716, stack(0x0000000068a70000,0x0000000068b70000)]
  0x0000000055e61000 JavaThread "Java Sound Sequencer" [_thread_blocked, id=9728, stack(0x0000000068970000,0x0000000068a70000)]
  0x0000000055e60000 JavaThread "Java Sound Sequencer" [_thread_blocked, id=9748, stack(0x0000000068870000,0x0000000068970000)]
  0x0000000055e5f800 JavaThread "Java Sound Sequencer" [_thread_blocked, id=8072, stack(0x0000000068770000,0x0000000068870000)]
  0x0000000055e5f000 JavaThread "Java Sound Sequencer" [_thread_blocked, id=9720, stack(0x0000000068670000,0x0000000068770000)]
  0x0000000055e5e000 JavaThread "Java Sound Sequencer" [_thread_blocked, id=9208, stack(0x0000000068570000,0x0000000068670000)]
  0x0000000055e5d800 JavaThread "Java Sound Sequencer" [_thread_blocked, id=9712, stack(0x0000000068470000,0x0000000068570000)]
  0x0000000055e5c800 JavaThread "Java Sound Sequencer" [_thread_blocked, id=9752, stack(0x0000000067bc0000,0x0000000067cc0000)]
  0x0000000055e5c000 JavaThread "Java Sound Sequencer" [_thread_blocked, id=9732, stack(0x0000000067ac0000,0x0000000067bc0000)]
  0x0000000055e5b000 JavaThread "Java Sound Sequencer" [_thread_blocked, id=9204, stack(0x00000000679c0000,0x0000000067ac0000)]
  0x0000000055e5a800 JavaThread "Java Sound Sequencer" [_thread_blocked, id=7928, stack(0x00000000678c0000,0x00000000679c0000)]
  0x0000000055e59800 JavaThread "Java Sound Sequencer" [_thread_blocked, id=9172, stack(0x00000000677c0000,0x00000000678c0000)]
  0x0000000055e59000 JavaThread "Java Sound Sequencer" [_thread_blocked, id=9708, stack(0x00000000676c0000,0x00000000677c0000)]
  0x0000000055f35000 JavaThread "Java Sound Sequencer" [_thread_blocked, id=1184, stack(0x00000000675c0000,0x00000000676c0000)]
  0x0000000055f34000 JavaThread "Java Sound Sequencer" [_thread_blocked, id=1180, stack(0x00000000674c0000,0x00000000675c0000)]
  0x0000000055f33800 JavaThread "Java Sound Sequencer" [_thread_blocked, id=1188, stack(0x00000000673c0000,0x00000000674c0000)]
  0x0000000055f32800 JavaThread "Java Sound Sequencer" [_thread_blocked, id=1176, stack(0x00000000672c0000,0x00000000673c0000)]
  0x0000000055f32000 JavaThread "Java Sound Sequencer" [_thread_blocked, id=11536, stack(0x00000000671c0000,0x00000000672c0000)]
  0x0000000055f31000 JavaThread "Java Sound Sequencer" [_thread_blocked, id=8040, stack(0x00000000670c0000,0x00000000671c0000)]
  0x0000000055f30800 JavaThread "Java Sound Sequencer" [_thread_blocked, id=8996, stack(0x0000000066fc0000,0x00000000670c0000)]
  0x0000000055f30000 JavaThread "Java Sound Sequencer" [_thread_blocked, id=7940, stack(0x0000000066ec0000,0x0000000066fc0000)]
  0x0000000055f2f000 JavaThread "Java Sound Sequencer" [_thread_blocked, id=8844, stack(0x0000000066dc0000,0x0000000066ec0000)]
  0x0000000055f2e800 JavaThread "Java Sound Sequencer" [_thread_blocked, id=9016, stack(0x0000000066cc0000,0x0000000066dc0000)]
  0x0000000055f2d800 JavaThread "Java Sound Sequencer" [_thread_blocked, id=11200, stack(0x0000000066bc0000,0x0000000066cc0000)]
  0x0000000055f2d000 JavaThread "Java Sound Sequencer" [_thread_blocked, id=16008, stack(0x0000000066ac0000,0x0000000066bc0000)]
  0x0000000055f2c000 JavaThread "Java Sound Sequencer" [_thread_blocked, id=9644, stack(0x00000000669c0000,0x0000000066ac0000)]
  0x0000000055f2b800 JavaThread "Java Sound Sequencer" [_thread_blocked, id=5424, stack(0x00000000668c0000,0x00000000669c0000)]
  0x0000000055f2a800 JavaThread "Java Sound Sequencer" [_thread_blocked, id=10948, stack(0x00000000667c0000,0x00000000668c0000)]
  0x0000000055f2a000 JavaThread "Java Sound Sequencer" [_thread_blocked, id=9652, stack(0x00000000666c0000,0x00000000667c0000)]
  0x0000000055f29800 JavaThread "Java Sound Sequencer" [_thread_blocked, id=3376, stack(0x00000000665c0000,0x00000000666c0000)]
  0x0000000055f28800 JavaThread "Java Sound Sequencer" [_thread_blocked, id=9028, stack(0x00000000664c0000,0x00000000665c0000)]
  0x0000000055f28000 JavaThread "Java Sound Sequencer" [_thread_blocked, id=6720, stack(0x00000000663c0000,0x00000000664c0000)]
  0x0000000055f27000 JavaThread "Java Sound Sequencer" [_thread_blocked, id=9032, stack(0x00000000662c0000,0x00000000663c0000)]
  0x0000000055f26800 JavaThread "Java Sound Sequencer" [_thread_blocked, id=9020, stack(0x00000000661c0000,0x00000000662c0000)]
  0x0000000055f25800 JavaThread "Java Sound Sequencer" [_thread_blocked, id=9024, stack(0x00000000660c0000,0x00000000661c0000)]
  0x0000000055c0b800 JavaThread "Java Sound Sequencer" [_thread_blocked, id=6572, stack(0x0000000065fc0000,0x00000000660c0000)]
  0x0000000055c0b000 JavaThread "Java Sound Sequencer" [_thread_blocked, id=12092, stack(0x0000000065ec0000,0x0000000065fc0000)]
  0x0000000055c0a000 JavaThread "Java Sound Sequencer" [_thread_blocked, id=8764, stack(0x0000000065dc0000,0x0000000065ec0000)]
  0x0000000055c09800 JavaThread "Java Sound Sequencer" [_thread_blocked, id=8768, stack(0x0000000065cc0000,0x0000000065dc0000)]
  0x0000000055c08800 JavaThread "Java Sound Sequencer" [_thread_blocked, id=8804, stack(0x0000000065bc0000,0x0000000065cc0000)]
  0x0000000055c08000 JavaThread "Java Sound Sequencer" [_thread_blocked, id=8812, stack(0x0000000065ac0000,0x0000000065bc0000)]
  0x0000000055c07000 JavaThread "Java Sound Sequencer" [_thread_blocked, id=8100, stack(0x00000000659c0000,0x0000000065ac0000)]
  0x0000000055c06800 JavaThread "Java Sound Sequencer" [_thread_blocked, id=12088, stack(0x00000000658c0000,0x00000000659c0000)]
  0x0000000055c05800 JavaThread "Java Sound Sequencer" [_thread_blocked, id=8984, stack(0x00000000657c0000,0x00000000658c0000)]
  0x0000000055c05000 JavaThread "Java Sound Sequencer" [_thread_blocked, id=8144, stack(0x00000000656c0000,0x00000000657c0000)]
  0x0000000055c04800 JavaThread "Java Sound Sequencer" [_thread_blocked, id=3992, stack(0x00000000655c0000,0x00000000656c0000)]
  0x0000000055c03800 JavaThread "Java Sound Sequencer" [_thread_blocked, id=7956, stack(0x00000000654c0000,0x00000000655c0000)]
  0x0000000055c03000 JavaThread "Java Sound Sequencer" [_thread_blocked, id=11576, stack(0x00000000653c0000,0x00000000654c0000)]
  0x0000000055c02000 JavaThread "Java Sound Sequencer" [_thread_blocked, id=6824, stack(0x00000000652c0000,0x00000000653c0000)]
  0x0000000055c01800 JavaThread "Java Sound Sequencer" [_thread_blocked, id=11728, stack(0x00000000651c0000,0x00000000652c0000)]
  0x0000000055c00800 JavaThread "Java Sound Sequencer" [_thread_blocked, id=11720, stack(0x00000000650c0000,0x00000000651c0000)]
  0x0000000055c00000 JavaThread "Java Sound Sequencer" [_thread_blocked, id=11724, stack(0x0000000064fc0000,0x00000000650c0000)]
  0x0000000055bff000 JavaThread "Java Sound Sequencer" [_thread_blocked, id=11752, stack(0x0000000064ec0000,0x0000000064fc0000)]
  0x0000000055bfe800 JavaThread "Java Sound Sequencer" [_thread_blocked, id=8952, stack(0x0000000064dc0000,0x0000000064ec0000)]
  0x0000000055bfe000 JavaThread "Java Sound Sequencer" [_thread_blocked, id=8936, stack(0x0000000064cc0000,0x0000000064dc0000)]
  0x0000000055bfd000 JavaThread "Java Sound Sequencer" [_thread_blocked, id=8928, stack(0x0000000064bc0000,0x0000000064cc0000)]
  0x0000000055bfc800 JavaThread "Java Sound Sequencer" [_thread_blocked, id=8660, stack(0x0000000064ac0000,0x0000000064bc0000)]
  0x000000005606a000 JavaThread "Java Sound Sequencer" [_thread_blocked, id=8860, stack(0x00000000649c0000,0x0000000064ac0000)]
  0x0000000056069800 JavaThread "Java Sound Sequencer" [_thread_blocked, id=8832, stack(0x00000000648c0000,0x00000000649c0000)]
  0x0000000056069000 JavaThread "Java Sound Sequencer" [_thread_blocked, id=8852, stack(0x00000000647c0000,0x00000000648c0000)]
  0x0000000056068000 JavaThread "Java Sound Sequencer" [_thread_blocked, id=8704, stack(0x00000000646c0000,0x00000000647c0000)]
  0x0000000056067800 JavaThread "Java Sound Sequencer" [_thread_blocked, id=8476, stack(0x00000000645c0000,0x00000000646c0000)]
  0x0000000056066800 JavaThread "Java Sound Sequencer" [_thread_blocked, id=8692, stack(0x00000000644c0000,0x00000000645c0000)]
  0x0000000056066000 JavaThread "Java Sound Sequencer" [_thread_blocked, id=8684, stack(0x00000000643c0000,0x00000000644c0000)]
  0x0000000056065000 JavaThread "Java Sound Sequencer" [_thread_blocked, id=8672, stack(0x00000000642c0000,0x00000000643c0000)]
  0x0000000056064800 JavaThread "Java Sound Sequencer" [_thread_blocked, id=8680, stack(0x00000000641c0000,0x00000000642c0000)]
  0x0000000056063800 JavaThread "Java Sound Sequencer" [_thread_blocked, id=8648, stack(0x00000000640c0000,0x00000000641c0000)]
  0x0000000056063000 JavaThread "Java Sound Sequencer" [_thread_blocked, id=8664, stack(0x0000000063fc0000,0x00000000640c0000)]
  0x00000000560e0000 JavaThread "Java Sound Sequencer" [_thread_blocked, id=8656, stack(0x0000000063ec0000,0x0000000063fc0000)]
  0x00000000560df800 JavaThread "Java Sound Sequencer" [_thread_blocked, id=8652, stack(0x0000000063dc0000,0x0000000063ec0000)]
  0x00000000560de800 JavaThread "Java Sound Sequencer" [_thread_blocked, id=8636, stack(0x0000000063cc0000,0x0000000063dc0000)]
  0x00000000560de000 JavaThread "Java Sound Sequencer" [_thread_blocked, id=8644, stack(0x0000000063bc0000,0x0000000063cc0000)]
  0x00000000560dd800 JavaThread "Java Sound Sequencer" [_thread_blocked, id=8640, stack(0x0000000063ac0000,0x0000000063bc0000)]
  0x00000000560dc800 JavaThread "Java Sound Sequencer" [_thread_blocked, id=8624, stack(0x00000000639c0000,0x0000000063ac0000)]
  0x00000000560dc000 JavaThread "Java Sound Sequencer" [_thread_blocked, id=1264, stack(0x00000000638c0000,0x00000000639c0000)]
  0x00000000560db000 JavaThread "Java Sound Sequencer" [_thread_blocked, id=8628, stack(0x00000000637c0000,0x00000000638c0000)]
  0x00000000560da800 JavaThread "Java Sound Sequencer" [_thread_blocked, id=8612, stack(0x00000000636c0000,0x00000000637c0000)]
  0x00000000560d9800 JavaThread "Java Sound Sequencer" [_thread_blocked, id=8620, stack(0x00000000635c0000,0x00000000636c0000)]
  0x00000000560d9000 JavaThread "Java Sound Sequencer" [_thread_blocked, id=8596, stack(0x00000000634c0000,0x00000000635c0000)]
  0x0000000055f25000 JavaThread "Java Sound Sequencer" [_thread_blocked, id=8616, stack(0x00000000633c0000,0x00000000634c0000)]
  0x0000000055f24000 JavaThread "Java Sound Sequencer" [_thread_blocked, id=8604, stack(0x00000000632c0000,0x00000000633c0000)]
  0x0000000055f23800 JavaThread "Java Sound Sequencer" [_thread_blocked, id=8676, stack(0x00000000631c0000,0x00000000632c0000)]
  0x0000000055f22800 JavaThread "Java Sound Sequencer" [_thread_blocked, id=8556, stack(0x00000000630c0000,0x00000000631c0000)]
  0x0000000055f22000 JavaThread "Java Sound Sequencer" [_thread_blocked, id=8836, stack(0x0000000062fc0000,0x00000000630c0000)]
  0x0000000055f21800 JavaThread "Java Sound Sequencer" [_thread_blocked, id=8920, stack(0x0000000062ec0000,0x0000000062fc0000)]
  0x0000000055f20800 JavaThread "Java Sound Sequencer" [_thread_blocked, id=6892, stack(0x0000000062dc0000,0x0000000062ec0000)]
  0x0000000055f20000 JavaThread "Java Sound Sequencer" [_thread_blocked, id=8708, stack(0x0000000062cc0000,0x0000000062dc0000)]
  0x0000000055f1f000 JavaThread "Java Sound Sequencer" [_thread_blocked, id=11228, stack(0x0000000062bc0000,0x0000000062cc0000)]
  0x0000000055f1e800 JavaThread "Java Sound Sequencer" [_thread_blocked, id=11648, stack(0x0000000062ac0000,0x0000000062bc0000)]
  0x0000000055f1d800 JavaThread "Java Sound Sequencer" [_thread_blocked, id=8668, stack(0x00000000629c0000,0x0000000062ac0000)]
  0x00000000559d4800 JavaThread "Java Sound Sequencer" [_thread_blocked, id=8724, stack(0x00000000628c0000,0x00000000629c0000)]
  0x00000000559d4000 JavaThread "Java Sound Sequencer" [_thread_blocked, id=8720, stack(0x00000000627c0000,0x00000000628c0000)]
  0x00000000559d3800 JavaThread "Java Sound Sequencer" [_thread_blocked, id=8712, stack(0x00000000626c0000,0x00000000627c0000)]
  0x00000000559d2800 JavaThread "Java Sound Sequencer" [_thread_blocked, id=8700, stack(0x00000000625c0000,0x00000000626c0000)]
  0x00000000559d2000 JavaThread "Java Sound Sequencer" [_thread_blocked, id=9008, stack(0x00000000624c0000,0x00000000625c0000)]
  0x00000000559d1000 JavaThread "Java Sound Sequencer" [_thread_blocked, id=11216, stack(0x00000000623c0000,0x00000000624c0000)]
  0x00000000559d0800 JavaThread "Java Sound Sequencer" [_thread_blocked, id=9692, stack(0x00000000622c0000,0x00000000623c0000)]
  0x00000000559cf800 JavaThread "Java Sound Sequencer" [_thread_blocked, id=8876, stack(0x00000000621c0000,0x00000000622c0000)]
  0x00000000559cf000 JavaThread "Java Sound Sequencer" [_thread_blocked, id=8848, stack(0x00000000620c0000,0x00000000621c0000)]
  0x00000000559ce000 JavaThread "Java Sound Sequencer" [_thread_blocked, id=8868, stack(0x0000000061fc0000,0x00000000620c0000)]
  0x00000000559cd800 JavaThread "Java Sound Sequencer" [_thread_blocked, id=8888, stack(0x0000000061ec0000,0x0000000061fc0000)]
  0x0000000055a92800 JavaThread "Java Sound Sequencer" [_thread_blocked, id=8872, stack(0x0000000061dc0000,0x0000000061ec0000)]
  0x0000000055a92000 JavaThread "Java Sound Sequencer" [_thread_blocked, id=8904, stack(0x0000000061cc0000,0x0000000061dc0000)]
  0x0000000055a91000 JavaThread "Java Sound Sequencer" [_thread_blocked, id=8892, stack(0x0000000061bc0000,0x0000000061cc0000)]
  0x0000000055a90800 JavaThread "Java Sound Sequencer" [_thread_blocked, id=8880, stack(0x0000000061ac0000,0x0000000061bc0000)]
  0x0000000055a8f800 JavaThread "Java Sound Sequencer" [_thread_blocked, id=8896, stack(0x00000000619c0000,0x0000000061ac0000)]
  0x0000000055a8f000 JavaThread "Java Sound Sequencer" [_thread_blocked, id=8908, stack(0x00000000618c0000,0x00000000619c0000)]
  0x0000000055a8e000 JavaThread "Java Sound Sequencer" [_thread_blocked, id=8916, stack(0x00000000617c0000,0x00000000618c0000)]
  0x0000000055a8d800 JavaThread "Java Sound Sequencer" [_thread_blocked, id=8980, stack(0x00000000616c0000,0x00000000617c0000)]
  0x0000000055a8d000 JavaThread "Java Sound Sequencer" [_thread_blocked, id=8932, stack(0x00000000615c0000,0x00000000616c0000)]
  0x0000000055a8c000 JavaThread "Java Sound Sequencer" [_thread_blocked, id=8968, stack(0x00000000614c0000,0x00000000615c0000)]
  0x0000000055a8b800 JavaThread "Java Sound Sequencer" [_thread_blocked, id=8912, stack(0x00000000613c0000,0x00000000614c0000)]
  0x000000005bfc4000 JavaThread "Java Sound Sequencer" [_thread_blocked, id=8900, stack(0x00000000612c0000,0x00000000613c0000)]
  0x000000005bfc3000 JavaThread "Java Sound Sequencer" [_thread_blocked, id=8020, stack(0x00000000611c0000,0x00000000612c0000)]
  0x000000005bfc2800 JavaThread "Java Sound Sequencer" [_thread_blocked, id=8536, stack(0x00000000610c0000,0x00000000611c0000)]
  0x000000005bfc1800 JavaThread "Java Sound Sequencer" [_thread_blocked, id=7448, stack(0x0000000060fc0000,0x00000000610c0000)]
  0x000000005bfc1000 JavaThread "Java Sound Sequencer" [_thread_blocked, id=8524, stack(0x0000000060ec0000,0x0000000060fc0000)]
  0x000000005bfc0000 JavaThread "Java Sound Sequencer" [_thread_blocked, id=6812, stack(0x0000000060dc0000,0x0000000060ec0000)]
  0x000000005bfbf800 JavaThread "Java Sound Sequencer" [_thread_blocked, id=11844, stack(0x0000000060cc0000,0x0000000060dc0000)]
  0x000000005bfbe800 JavaThread "Java Sound Sequencer" [_thread_blocked, id=8172, stack(0x0000000060bc0000,0x0000000060cc0000)]
  0x000000005bfbe000 JavaThread "Java Sound Sequencer" [_thread_blocked, id=6864, stack(0x0000000060ac0000,0x0000000060bc0000)]
  0x000000005bfbd800 JavaThread "Java Sound Sequencer" [_thread_blocked, id=6920, stack(0x00000000609c0000,0x0000000060ac0000)]
  0x000000005bfbc800 JavaThread "Java Sound Sequencer" [_thread_blocked, id=6676, stack(0x00000000608c0000,0x00000000609c0000)]
  0x0000000055f55000 JavaThread "Java Sound Sequencer" [_thread_blocked, id=1616, stack(0x00000000607c0000,0x00000000608c0000)]
  0x0000000055f54000 JavaThread "Java Sound Sequencer" [_thread_blocked, id=6980, stack(0x00000000606c0000,0x00000000607c0000)]
  0x0000000055f53800 JavaThread "Java Sound Sequencer" [_thread_blocked, id=6688, stack(0x00000000605c0000,0x00000000606c0000)]
  0x0000000055f52800 JavaThread "Java Sound Sequencer" [_thread_blocked, id=5856, stack(0x00000000604c0000,0x00000000605c0000)]
  0x0000000055f52000 JavaThread "Java Sound Sequencer" [_thread_blocked, id=6832, stack(0x00000000603c0000,0x00000000604c0000)]
  0x0000000055f51800 JavaThread "Java Sound Sequencer" [_thread_blocked, id=6952, stack(0x00000000602c0000,0x00000000603c0000)]
  0x0000000055f50800 JavaThread "Java Sound Sequencer" [_thread_blocked, id=352, stack(0x00000000601c0000,0x00000000602c0000)]
  0x0000000055f50000 JavaThread "Java Sound Sequencer" [_thread_blocked, id=5492, stack(0x00000000600c0000,0x00000000601c0000)]
  0x0000000055f4f000 JavaThread "Java Sound Sequencer" [_thread_blocked, id=6456, stack(0x000000005ffc0000,0x00000000600c0000)]
  0x0000000055f4e800 JavaThread "Java Sound Sequencer" [_thread_blocked, id=6180, stack(0x000000005fec0000,0x000000005ffc0000)]
  0x0000000055f4d800 JavaThread "Java Sound Sequencer" [_thread_blocked, id=4288, stack(0x000000005fdc0000,0x000000005fec0000)]
  0x0000000055eb3000 JavaThread "Java Sound Sequencer" [_thread_blocked, id=4708, stack(0x000000005fcc0000,0x000000005fdc0000)]
  0x0000000055eb2000 JavaThread "Java Sound Sequencer" [_thread_in_Java, id=3140, stack(0x000000005fbc0000,0x000000005fcc0000)]
  0x0000000055eb1800 JavaThread "Java Sound Sequencer" [_thread_blocked, id=6196, stack(0x000000005fac0000,0x000000005fbc0000)]
  0x0000000055eb0800 JavaThread "Java Sound Sequencer" [_thread_blocked, id=2620, stack(0x000000005f9c0000,0x000000005fac0000)]
  0x0000000055eb0000 JavaThread "Java Sound Sequencer" [_thread_blocked, id=5284, stack(0x000000005f8c0000,0x000000005f9c0000)]
  0x0000000055eaf000 JavaThread "Java Sound Sequencer" [_thread_blocked, id=3536, stack(0x000000005f7c0000,0x000000005f8c0000)]
  0x0000000055eae800 JavaThread "Java Sound Sequencer" [_thread_blocked, id=5640, stack(0x000000005f6c0000,0x000000005f7c0000)]
  0x0000000055eae000 JavaThread "Java Sound Sequencer" [_thread_blocked, id=2472, stack(0x000000005f5c0000,0x000000005f6c0000)]
  0x0000000055ead000 JavaThread "Java Sound Sequencer" [_thread_blocked, id=6992, stack(0x000000005f4c0000,0x000000005f5c0000)]
  0x0000000055eac800 JavaThread "Java Sound Sequencer" [_thread_blocked, id=6232, stack(0x000000005f3c0000,0x000000005f4c0000)]
  0x0000000055eab800 JavaThread "Java Sound Sequencer" [_thread_blocked, id=5152, stack(0x000000005f2c0000,0x000000005f3c0000)]
  0x000000004d542000 JavaThread "Java Sound Sequencer" [_thread_blocked, id=6988, stack(0x000000005e1f0000,0x000000005e2f0000)]
  0x000000004d541800 JavaThread "Java Sound Sequencer" [_thread_blocked, id=2256, stack(0x000000005e0f0000,0x000000005e1f0000)]
  0x000000004d541000 JavaThread "Java Sound Sequencer" [_thread_blocked, id=424, stack(0x000000005dff0000,0x000000005e0f0000)]
  0x000000004d540000 JavaThread "Java Sound Sequencer" [_thread_blocked, id=1876, stack(0x000000005cf20000,0x000000005d020000)]
  0x000000004d53f800 JavaThread "Java Sound Sequencer" [_thread_blocked, id=1508, stack(0x000000005be50000,0x000000005bf50000)]
  0x000000004d53e800 JavaThread "Java Sound Sequencer" [_thread_blocked, id=6624, stack(0x000000005bd50000,0x000000005be50000)]
  0x000000004d53e000 JavaThread "Java Sound Sequencer" [_thread_blocked, id=4612, stack(0x000000005ac80000,0x000000005ad80000)]
  0x000000004d53d000 JavaThread "Java Sound Sequencer" [_thread_blocked, id=5916, stack(0x000000005ab80000,0x000000005ac80000)]
  0x000000004d53c800 JavaThread "Java Sound Sequencer" [_thread_blocked, id=6108, stack(0x000000005aa80000,0x000000005ab80000)]
  0x000000004d53b800 JavaThread "Java Sound Sequencer" [_thread_blocked, id=5696, stack(0x00000000599b0000,0x0000000059ab0000)]
  0x000000004d53b000 JavaThread "Java Sound Sequencer" [_thread_blocked, id=3504, stack(0x00000000598b0000,0x00000000599b0000)]
  0x000000004d53a800 JavaThread "Java Sound Sequencer" [_thread_blocked, id=1196, stack(0x00000000597b0000,0x00000000598b0000)]
  0x000000004d539800 JavaThread "Java Sound Sequencer" [_thread_blocked, id=6140, stack(0x00000000586e0000,0x00000000587e0000)]
  0x000000004d539000 JavaThread "D3D Screen Updater" daemon [_thread_blocked, id=7160, stack(0x0000000057de0000,0x0000000057ee0000)]
  0x000000004d538000 JavaThread "DestroyJavaVM" [_thread_blocked, id=6740, stack(0x0000000002b80000,0x0000000002c80000)]
  0x000000004d537800 JavaThread "The Animator V 3.0" [_thread_in_native, id=6564, stack(0x0000000057ce0000,0x0000000057de0000)]
  0x000000004d536800 JavaThread "AWT-EventQueue-0" [_thread_blocked, id=6340, stack(0x0000000056f60000,0x0000000057060000)]
  0x000000004d536000 JavaThread "AWT-Shutdown" [_thread_blocked, id=5496, stack(0x000000004a920000,0x000000004aa20000)]
  0x000000004d535000 JavaThread "Java Sound Sequencer" [_thread_blocked, id=6636, stack(0x0000000056e60000,0x0000000056f60000)]
  0x000000004d534800 JavaThread "Java Sound Event Dispatcher" daemon [_thread_blocked, id=6840, stack(0x0000000056760000,0x0000000056860000)]
=>0x000000004d534000 JavaThread "Headspace mixer frame proc thread" daemon [_thread_in_native, id=7072, stack(0x0000000054bb0000,0x0000000054cb0000)]
  0x000000004d533000 JavaThread "PooledThread-31" [_thread_blocked, id=6672, stack(0x0000000054ab0000,0x0000000054bb0000)]
  0x000000004d515000 JavaThread "PooledThread-30" [_thread_blocked, id=6924, stack(0x00000000549b0000,0x0000000054ab0000)]
  0x000000004d514000 JavaThread "PooledThread-29" [_thread_blocked, id=6056, stack(0x00000000548b0000,0x00000000549b0000)]
  0x000000004d513800 JavaThread "PooledThread-28" [_thread_blocked, id=6492, stack(0x00000000547b0000,0x00000000548b0000)]
  0x000000004d513000 JavaThread "PooledThread-27" [_thread_blocked, id=5208, stack(0x00000000546b0000,0x00000000547b0000)]
  0x000000004d512000 JavaThread "PooledThread-26" [_thread_blocked, id=7060, stack(0x00000000545b0000,0x00000000546b0000)]
  0x000000004d511800 JavaThread "PooledThread-25" [_thread_blocked, id=3876, stack(0x00000000544b0000,0x00000000545b0000)]
  0x000000004d510800 JavaThread "PooledThread-24" [_thread_blocked, id=1424, stack(0x00000000543b0000,0x00000000544b0000)]
  0x000000004d510000 JavaThread "PooledThread-23" [_thread_blocked, id=5360, stack(0x00000000542b0000,0x00000000543b0000)]
  0x000000004d50f000 JavaThread "PooledThread-22" [_thread_blocked, id=5420, stack(0x00000000541b0000,0x00000000542b0000)]
  0x000000004d50e800 JavaThread "PooledThread-21" [_thread_blocked, id=3488, stack(0x00000000540b0000,0x00000000541b0000)]
  0x000000004d50d800 JavaThread "PooledThread-20" [_thread_blocked, id=2408, stack(0x0000000053fb0000,0x00000000540b0000)]
  0x000000004d50d000 JavaThread "PooledThread-19" [_thread_blocked, id=4120, stack(0x0000000053eb0000,0x0000000053fb0000)]
  0x000000004d50c800 JavaThread "PooledThread-18" [_thread_blocked, id=6940, stack(0x0000000053db0000,0x0000000053eb0000)]
  0x000000004d50b800 JavaThread "PooledThread-17" [_thread_blocked, id=2108, stack(0x0000000053cb0000,0x0000000053db0000)]
  0x000000004d50b000 JavaThread "PooledThread-16" [_thread_blocked, id=3436, stack(0x0000000053bb0000,0x0000000053cb0000)]
  0x000000004d50a000 JavaThread "PooledThread-15" [_thread_blocked, id=6936, stack(0x0000000053ab0000,0x0000000053bb0000)]
  0x000000004d509800 JavaThread "PooledThread-14" [_thread_blocked, id=5240, stack(0x00000000539b0000,0x0000000053ab0000)]
  0x000000004d508800 JavaThread "PooledThread-13" [_thread_blocked, id=6132, stack(0x00000000538b0000,0x00000000539b0000)]
  0x000000004d508000 JavaThread "PooledThread-12" [_thread_blocked, id=6848, stack(0x00000000537b0000,0x00000000538b0000)]
  0x000000004d507000 JavaThread "PooledThread-11" [_thread_blocked, id=1672, stack(0x00000000536b0000,0x00000000537b0000)]
  0x000000004d506800 JavaThread "PooledThread-10" [_thread_blocked, id=6184, stack(0x00000000535b0000,0x00000000536b0000)]
  0x000000004d506000 JavaThread "PooledThread-9" [_thread_blocked, id=7088, stack(0x00000000534b0000,0x00000000535b0000)]
  0x000000004d4d7800 JavaThread "PooledThread-8" [_thread_blocked, id=6540, stack(0x00000000533b0000,0x00000000534b0000)]
  0x000000004d4d6800 JavaThread "PooledThread-7" [_thread_blocked, id=7104, stack(0x00000000532b0000,0x00000000533b0000)]
  0x000000004d4d6000 JavaThread "PooledThread-6" [_thread_blocked, id=6468, stack(0x00000000531b0000,0x00000000532b0000)]
  0x000000004d4d5800 JavaThread "PooledThread-5" [_thread_blocked, id=2176, stack(0x00000000530b0000,0x00000000531b0000)]
  0x000000004d4d4800 JavaThread "PooledThread-4" [_thread_blocked, id=5148, stack(0x0000000052fb0000,0x00000000530b0000)]
  0x000000004d4d4000 JavaThread "PooledThread-3" [_thread_blocked, id=6752, stack(0x0000000052eb0000,0x0000000052fb0000)]
  0x000000004d4d3000 JavaThread "PooledThread-2" [_thread_blocked, id=6660, stack(0x0000000052db0000,0x0000000052eb0000)]
  0x000000004d4d2800 JavaThread "PooledThread-1" [_thread_blocked, id=6876, stack(0x0000000052cb0000,0x0000000052db0000)]
  0x000000004d4d1800 JavaThread "PooledThread-0" [_thread_blocked, id=6284, stack(0x0000000052bb0000,0x0000000052cb0000)]
  0x000000004d4d1000 JavaThread "PooledThread-31" [_thread_blocked, id=3360, stack(0x0000000052ab0000,0x0000000052bb0000)]
  0x000000004d4d0000 JavaThread "PooledThread-30" [_thread_blocked, id=5456, stack(0x00000000529b0000,0x0000000052ab0000)]
  0x000000004d4cf800 JavaThread "PooledThread-29" [_thread_blocked, id=5444, stack(0x00000000528b0000,0x00000000529b0000)]
  0x000000004d4cf000 JavaThread "PooledThread-28" [_thread_blocked, id=5412, stack(0x00000000527b0000,0x00000000528b0000)]
  0x000000004d4ce000 JavaThread "PooledThread-27" [_thread_blocked, id=5376, stack(0x00000000526b0000,0x00000000527b0000)]
  0x000000004d4cd800 JavaThread "PooledThread-26" [_thread_blocked, id=4256, stack(0x00000000525b0000,0x00000000526b0000)]
  0x000000004d4cc800 JavaThread "PooledThread-25" [_thread_blocked, id=6700, stack(0x00000000524b0000,0x00000000525b0000)]
  0x000000004d4cc000 JavaThread "PooledThread-24" [_thread_blocked, id=6400, stack(0x00000000523b0000,0x00000000524b0000)]
  0x000000004d4cb000 JavaThread "PooledThread-23" [_thread_blocked, id=808, stack(0x00000000522b0000,0x00000000523b0000)]
  0x000000004d4ca800 JavaThread "PooledThread-22" [_thread_blocked, id=5552, stack(0x00000000521b0000,0x00000000522b0000)]
  0x000000004d4c9800 JavaThread "PooledThread-21" [_thread_blocked, id=6568, stack(0x00000000520b0000,0x00000000521b0000)]
  0x000000004d4c9000 JavaThread "PooledThread-20" [_thread_blocked, id=784, stack(0x0000000051fb0000,0x00000000520b0000)]
  0x000000004d4c8800 JavaThread "PooledThread-19" [_thread_blocked, id=6560, stack(0x0000000051eb0000,0x0000000051fb0000)]
  0x000000004d491800 JavaThread "PooledThread-18" [_thread_blocked, id=6860, stack(0x0000000051cb0000,0x0000000051db0000)]
  0x000000004d490800 JavaThread "PooledThread-17" [_thread_blocked, id=5732, stack(0x0000000051bb0000,0x0000000051cb0000)]
  0x000000004d490000 JavaThread "PooledThread-16" [_thread_blocked, id=5908, stack(0x0000000051ab0000,0x0000000051bb0000)]
  0x000000004d48f800 JavaThread "PooledThread-15" [_thread_blocked, id=8512, stack(0x00000000519b0000,0x0000000051ab0000)]
  0x000000004d48e800 JavaThread "PooledThread-14" [_thread_blocked, id=4476, stack(0x00000000518b0000,0x00000000519b0000)]
  0x000000004d48e000 JavaThread "PooledThread-13" [_thread_blocked, id=8492, stack(0x00000000517b0000,0x00000000518b0000)]
  0x000000004d48d000 JavaThread "PooledThread-12" [_thread_blocked, id=7112, stack(0x00000000516b0000,0x00000000517b0000)]
  0x000000004d48c800 JavaThread "PooledThread-11" [_thread_blocked, id=1360, stack(0x00000000515b0000,0x00000000516b0000)]
  0x000000004d48b800 JavaThread "PooledThread-10" [_thread_blocked, id=5912, stack(0x00000000514b0000,0x00000000515b0000)]
  0x000000004d48b000 JavaThread "PooledThread-9" [_thread_blocked, id=3328, stack(0x00000000513b0000,0x00000000514b0000)]
  0x000000004d48a000 JavaThread "PooledThread-8" [_thread_blocked, id=1884, stack(0x00000000512b0000,0x00000000513b0000)]
  0x000000004d489800 JavaThread "PooledThread-7" [_thread_blocked, id=6844, stack(0x00000000511b0000,0x00000000512b0000)]
  0x000000004d489000 JavaThread "PooledThread-6" [_thread_blocked, id=5348, stack(0x00000000510b0000,0x00000000511b0000)]
  0x000000004d488000 JavaThread "PooledThread-5" [_thread_blocked, id=8520, stack(0x0000000050fb0000,0x00000000510b0000)]
  0x000000004d487800 JavaThread "PooledThread-4" [_thread_blocked, id=8516, stack(0x0000000050eb0000,0x0000000050fb0000)]
  0x000000004d486800 JavaThread "PooledThread-3" [_thread_blocked, id=1664, stack(0x0000000050db0000,0x0000000050eb0000)]
  0x000000004d486000 JavaThread "PooledThread-2" [_thread_blocked, id=11704, stack(0x0000000050cb0000,0x0000000050db0000)]
  0x000000004d485000 JavaThread "PooledThread-1" [_thread_blocked, id=8356, stack(0x0000000050bb0000,0x0000000050cb0000)]
  0x000000004d484800 JavaThread "PooledThread-0" [_thread_blocked, id=8460, stack(0x0000000050ab0000,0x0000000050bb0000)]
  0x000000004d483800 JavaThread "PooledThread-31" [_thread_blocked, id=8448, stack(0x00000000507b0000,0x00000000508b0000)]
  0x000000004d483000 JavaThread "PooledThread-30" [_thread_blocked, id=7380, stack(0x00000000506b0000,0x00000000507b0000)]
  0x000000004d482800 JavaThread "PooledThread-29" [_thread_blocked, id=3412, stack(0x00000000505b0000,0x00000000506b0000)]
  0x000000004d46f800 JavaThread "PooledThread-28" [_thread_blocked, id=8320, stack(0x00000000504b0000,0x00000000505b0000)]
  0x000000004d46e800 JavaThread "PooledThread-27" [_thread_blocked, id=8252, stack(0x00000000503b0000,0x00000000504b0000)]
  0x000000004d46e000 JavaThread "PooledThread-26" [_thread_blocked, id=9940, stack(0x00000000502b0000,0x00000000503b0000)]
  0x000000004d46d800 JavaThread "PooledThread-25" [_thread_blocked, id=5992, stack(0x00000000501b0000,0x00000000502b0000)]
  0x000000004d46c800 JavaThread "PooledThread-24" [_thread_blocked, id=10608, stack(0x00000000500b0000,0x00000000501b0000)]
  0x000000004d46c000 JavaThread "PooledThread-23" [_thread_blocked, id=4276, stack(0x000000004ffb0000,0x00000000500b0000)]
  0x000000004d46b000 JavaThread "PooledThread-22" [_thread_blocked, id=8452, stack(0x000000004feb0000,0x000000004ffb0000)]
  0x000000004d46a800 JavaThread "PooledThread-21" [_thread_blocked, id=6928, stack(0x000000004fdb0000,0x000000004feb0000)]
  0x000000004d469800 JavaThread "PooledThread-20" [_thread_blocked, id=9360, stack(0x000000004fcb0000,0x000000004fdb0000)]
  0x000000004d469000 JavaThread "PooledThread-19" [_thread_blocked, id=1952, stack(0x000000004fbb0000,0x000000004fcb0000)]
  0x000000004d468000 JavaThread "PooledThread-18" [_thread_blocked, id=6552, stack(0x000000004fab0000,0x000000004fbb0000)]
  0x000000004d467800 JavaThread "PooledThread-17" [_thread_blocked, id=6392, stack(0x000000004f9b0000,0x000000004fab0000)]
  0x000000004d467000 JavaThread "PooledThread-16" [_thread_blocked, id=8392, stack(0x000000004f8b0000,0x000000004f9b0000)]
  0x000000004d466000 JavaThread "PooledThread-15" [_thread_blocked, id=11716, stack(0x000000004f7b0000,0x000000004f8b0000)]
  0x000000004d465800 JavaThread "PooledThread-14" [_thread_blocked, id=8052, stack(0x000000004f6b0000,0x000000004f7b0000)]
  0x000000004d464800 JavaThread "PooledThread-13" [_thread_blocked, id=11940, stack(0x000000004f5b0000,0x000000004f6b0000)]
  0x000000004d464000 JavaThread "PooledThread-12" [_thread_blocked, id=8408, stack(0x000000004f4b0000,0x000000004f5b0000)]
  0x000000004d463000 JavaThread "PooledThread-11" [_thread_blocked, id=7636, stack(0x000000004f3b0000,0x000000004f4b0000)]
  0x000000004d462800 JavaThread "PooledThread-10" [_thread_blocked, id=8400, stack(0x000000004f2b0000,0x000000004f3b0000)]
  0x000000004d461800 JavaThread "PooledThread-9" [_thread_blocked, id=12184, stack(0x000000004f1b0000,0x000000004f2b0000)]
  0x000000004d461000 JavaThread "PooledThread-8" [_thread_blocked, id=8424, stack(0x000000004f0b0000,0x000000004f1b0000)]
  0x000000004d460800 JavaThread "PooledThread-7" [_thread_blocked, id=8412, stack(0x000000004efb0000,0x000000004f0b0000)]
  0x0000000049ea4000 JavaThread "PooledThread-6" [_thread_blocked, id=8420, stack(0x000000004eeb0000,0x000000004efb0000)]
  0x0000000049ed6800 JavaThread "PooledThread-5" [_thread_blocked, id=8428, stack(0x000000004edb0000,0x000000004eeb0000)]
  0x0000000049ed5800 JavaThread "PooledThread-4" [_thread_blocked, id=11732, stack(0x000000004ecb0000,0x000000004edb0000)]
  0x0000000049ed5000 JavaThread "PooledThread-3" [_thread_blocked, id=8444, stack(0x000000004ebb0000,0x000000004ecb0000)]
  0x0000000049ed4000 JavaThread "PooledThread-2" [_thread_blocked, id=8432, stack(0x000000004eab0000,0x000000004ebb0000)]
  0x0000000049ecf800 JavaThread "PooledThread-1" [_thread_blocked, id=8440, stack(0x000000004e9b0000,0x000000004eab0000)]
  0x0000000049ecc800 JavaThread "PooledThread-0" [_thread_blocked, id=8416, stack(0x000000004e8b0000,0x000000004e9b0000)]
  0x0000000049efa000 JavaThread "Java Sound Event Dispatcher" daemon [_thread_blocked, id=7364, stack(0x000000004e250000,0x000000004e350000)]
  0x0000000049e5a000 JavaThread "AWT-Windows" daemon [_thread_in_native, id=8284, stack(0x000000004aa20000,0x000000004ab20000)]
  0x0000000049da3800 JavaThread "Java2D Disposer" daemon [_thread_blocked, id=12984, stack(0x000000004a6f0000,0x000000004a7f0000)]
  0x0000000049d6e000 JavaThread "Low Memory Detector" daemon [_thread_blocked, id=8220, stack(0x000000004a300000,0x000000004a400000)]
  0x0000000049d69000 JavaThread "CompilerThread1" daemon [_thread_blocked, id=6692, stack(0x000000004a200000,0x000000004a300000)]
  0x0000000049d55000 JavaThread "CompilerThread0" daemon [_thread_blocked, id=7340, stack(0x000000004a100000,0x000000004a200000)]
  0x0000000049d52000 JavaThread "Attach Listener" daemon [_thread_blocked, id=7344, stack(0x000000004a000000,0x000000004a100000)]
  0x0000000049d4a800 JavaThread "Signal Dispatcher" daemon [_thread_blocked, id=1392, stack(0x0000000049f00000,0x000000004a000000)]
  0x0000000000621000 JavaThread "Finalizer" daemon [_thread_blocked, id=8016, stack(0x0000000049c00000,0x0000000049d00000)]
  0x000000000061f800 JavaThread "Reference Handler" daemon [_thread_blocked, id=8168, stack(0x0000000049b00000,0x0000000049c00000)]

Other Threads:
  0x000000000061b000 VMThread [stack: 0x0000000049a00000,0x0000000049b00000] [id=6644]
  0x0000000049d72000 WatcherThread [stack: 0x000000004a400000,0x000000004a500000] [id=8196]

VM state:not at safepoint (normal execution)

VM Mutex/Monitor currently owned by a thread: None

Heap
 PSYoungGen      total 18048K, used 7306K [0x00000000343f0000, 0x0000000036570000, 0x0000000048d40000)
  eden space 15424K, 30% used [0x00000000343f0000,0x0000000034888190,0x0000000035300000)
  from space 2624K, 99% used [0x0000000035360000,0x00000000355ea7d8,0x00000000355f0000)
  to   space 8768K, 0% used [0x0000000035ce0000,0x0000000035ce0000,0x0000000036570000)
 PSOldGen        total 42176K, used 8816K [0x000000000b140000, 0x000000000da70000, 0x00000000343f0000)
  object space 42176K, 20% used [0x000000000b140000,0x000000000b9dc2b0,0x000000000da70000)
 PSPermGen       total 21248K, used 11475K [0x0000000005d40000, 0x0000000007200000, 0x000000000b140000)
  object space 21248K, 54% used [0x0000000005d40000,0x0000000006874f98,0x0000000007200000)

Dynamic libraries:
0x0000000000400000 - 0x000000000042e000 	C:\Program Files\Java\jre6\bin\javaw.exe
0x0000000076f00000 - 0x00000000770ac000 	C:\Windows\SYSTEM32\ntdll.dll
0x0000000076de0000 - 0x0000000076eff000 	C:\Windows\system32\kernel32.dll
0x000007fefd160000 - 0x000007fefd1cc000 	C:\Windows\system32\KERNELBASE.dll
0x000007fefd530000 - 0x000007fefd60b000 	C:\Windows\system32\ADVAPI32.dll
0x000007fefe170000 - 0x000007fefe20f000 	C:\Windows\system32\msvcrt.dll
0x000007fefd820000 - 0x000007fefd83f000 	C:\Windows\SYSTEM32\sechost.dll
0x000007fefdc10000 - 0x000007fefdd3e000 	C:\Windows\system32\RPCRT4.dll
0x0000000076ce0000 - 0x0000000076dda000 	C:\Windows\system32\USER32.dll
0x000007fefd4c0000 - 0x000007fefd527000 	C:\Windows\system32\GDI32.dll
0x000007fefdf90000 - 0x000007fefdf9e000 	C:\Windows\system32\LPK.dll
0x000007fefdaf0000 - 0x000007fefdbba000 	C:\Windows\system32\USP10.dll
0x000007fefccf0000 - 0x000007fefcd47000 	C:\Windows\system32\apphelp.dll
0x000007feecfb0000 - 0x000007feed001000 	C:\Windows\AppPatch\AppPatch64\AcGenral.DLL
0x000007fefccc0000 - 0x000007fefcce5000 	C:\Windows\system32\SspiCli.dll
0x000007fefe400000 - 0x000007fefe471000 	C:\Windows\system32\SHLWAPI.dll
0x000007fefd610000 - 0x000007fefd812000 	C:\Windows\system32\ole32.dll
0x000007fefe480000 - 0x000007feff207000 	C:\Windows\system32\SHELL32.dll
0x000000006de70000 - 0x000000006de73000 	C:\Windows\system32\sfc.dll
0x000007fef82b0000 - 0x000007fef82c0000 	C:\Windows\system32\sfc_os.DLL
0x000007fefc1b0000 - 0x000007fefc1ce000 	C:\Windows\system32\USERENV.dll
0x000007fefce60000 - 0x000007fefce6f000 	C:\Windows\system32\profapi.dll
0x000007fefb1d0000 - 0x000007fefb1e8000 	C:\Windows\system32\dwmapi.dll
0x000007fef9b50000 - 0x000007fef9b68000 	C:\Windows\system32\MPR.dll
0x000007fefd230000 - 0x000007fefd25e000 	C:\Windows\system32\IMM32.DLL
0x000007fefdde0000 - 0x000007fefdee9000 	C:\Windows\system32\MSCTF.dll
0x00000000024d0000 - 0x0000000002b75000 	C:\Program Files\Java\jre6\bin\server\jvm.dll
0x000007fef9620000 - 0x000007fef965b000 	C:\Windows\system32\WINMM.dll
0x000000006d760000 - 0x000000006d76e000 	C:\Program Files\Java\jre6\bin\verify.dll
0x000000006d3b0000 - 0x000000006d3d7000 	C:\Program Files\Java\jre6\bin\java.dll
0x000000006d310000 - 0x000000006d31a000 	C:\Program Files\Java\jre6\bin\hpi.dll
0x00000000770d0000 - 0x00000000770d7000 	C:\Windows\system32\PSAPI.DLL
0x000000006d7b0000 - 0x000000006d7c2000 	C:\Program Files\Java\jre6\bin\zip.dll
0x000000006d000000 - 0x000000006d1c3000 	C:\Program Files\Java\jre6\bin\awt.dll
0x000007fefaef0000 - 0x000007fefaf60000 	C:\Windows\system32\WINSPOOL.DRV
0x000007fefb8f0000 - 0x000007fefbae4000 	C:\Windows\WinSxS\amd64_microsoft.windows.common-controls_6595b64144ccf1df_6.0.7600.16661_none_fa62ad231704eab7\COMCTL32.dll
0x000007fefb5e0000 - 0x000007fefb636000 	C:\Windows\system32\uxtheme.dll
0x000000006d2a0000 - 0x000000006d30b000 	C:\Program Files\Java\jre6\bin\fontmanager.dll
0x000007fefcd90000 - 0x000007fefcd9f000 	C:\Windows\system32\CRYPTBASE.dll
0x000007fee8b00000 - 0x000007fee8cff000 	C:\Windows\system32\d3d9.dll
0x000007fefbf80000 - 0x000007fefbf8c000 	C:\Windows\system32\VERSION.dll
0x000007fefb680000 - 0x000007fefb687000 	C:\Windows\system32\d3d8thk.dll
0x0000000067ff0000 - 0x000000006846b000 	C:\Windows\system32\atiumd64.dll
0x0000000067d50000 - 0x0000000067fe7000 	C:\Windows\system32\atiumd6a.dll
0x000000006d510000 - 0x000000006d53e000 	C:\Program Files\Java\jre6\bin\jsound.dll
0x000007fefb7d0000 - 0x000007fefb81b000 	C:\Windows\system32\MMDevAPI.DLL
0x000007fefb6a0000 - 0x000007fefb7cc000 	C:\Windows\system32\PROPSYS.dll
0x000007fefd840000 - 0x000007fefd917000 	C:\Windows\system32\OLEAUT32.dll
0x000007fef5c90000 - 0x000007fef5ccb000 	C:\Windows\system32\wdmaud.drv
0x000000006ebe0000 - 0x000000006ebe6000 	C:\Windows\system32\ksuser.dll
0x000007fefb690000 - 0x000007fefb699000 	C:\Windows\system32\AVRT.dll
0x000007fefe210000 - 0x000007fefe3e7000 	C:\Windows\system32\SETUPAPI.dll
0x000007fefcf10000 - 0x000007fefcf46000 	C:\Windows\system32\CFGMGR32.dll
0x000007fefd1d0000 - 0x000007fefd1ea000 	C:\Windows\system32\DEVOBJ.dll
0x000007fef71a0000 - 0x000007fef71ef000 	C:\Windows\system32\AUDIOSES.DLL
0x000007fef83a0000 - 0x000007fef83aa000 	C:\Windows\system32\msacm32.drv
0x000007fef62c0000 - 0x000007fef62d8000 	C:\Windows\system32\MSACM32.dll
0x000007fef8390000 - 0x000007fef8399000 	C:\Windows\system32\midimap.dll
0x000007fefdfa0000 - 0x000007fefe039000 	C:\Windows\system32\CLBCatQ.DLL
0x000000006d600000 - 0x000000006d617000 	C:\Program Files\Java\jre6\bin\net.dll
0x000007fefdbc0000 - 0x000007fefdc0d000 	C:\Windows\system32\WS2_32.dll
0x000007fefe3f0000 - 0x000007fefe3f8000 	C:\Windows\system32\NSI.dll
0x000007fefc690000 - 0x000007fefc6e4000 	C:\Windows\system32\mswsock.dll
0x000007fefc680000 - 0x000007fefc687000 	C:\Windows\System32\wship6.dll
0x000000006d620000 - 0x000000006d62b000 	C:\Program Files\Java\jre6\bin\nio.dll
0x000000004a7f0000 - 0x000000004a855000 	C:\Program Files\WIDCOMM\Bluetooth Software\btmmhook.dll

VM Arguments:
jvm_args: -Dfile.encoding=Cp1252 
java_command: com.shikhar.mario.core.GameFrame
Launcher Type: SUN_STANDARD

Environment Variables:
PATH=C:\Program Files\Common Files\Microsoft Shared\Windows Live;C:\Windows\system32;C:\Windows;C:\Windows\System32\Wbem;C:\Windows\System32\WindowsPowerShell\v1.0\;C:\Program Files\WIDCOMM\Bluetooth Software\;C:\Program Files\WIDCOMM\Bluetooth Software\syswow64;\;C:\Program Files (x86)\Sony\VAIO Startup Setting Tool;c:\Program Files (x86)\ATI Technologies\ATI.ACE\Core-Static;C:\Program Files\SlikSvn\bin
USERNAME=mahesh
OS=Windows_NT
PROCESSOR_IDENTIFIER=Intel64 Family 6 Model 37 Stepping 5, GenuineIntel



---------------  S Y S T E M  ---------------

OS: Windows 7 Build 7600 

CPU:total 4 (8 cores per cpu, 2 threads per core) family 6 model 37 stepping 5, cmov, cx8, fxsr, mmx, sse, sse2, sse3, ssse3, sse4.1, sse4.2, popcnt, ht

Memory: 4k page, physical 4044900k(940336k free), swap 8087900k(3885752k free)

vm_info: Java HotSpot(TM) 64-Bit Server VM (16.3-b01) for windows-amd64 JRE (1.6.0_20-b02), built on Apr 12 2010 13:44:19 by "java_re" with MS VC++ 8.0 (VS2005)

time: Wed Sep 11 23:06:48 2013
elapsed time: 30 seconds

