#
# A fatal error has been detected by the Java Runtime Environment:
#
#  EXCEPTION_ACCESS_VIOLATION (0xc0000005) at pc=0x000000006d51bc77, pid=4516, tid=10816
#
# JRE version: 6.0_20-b02
# Java VM: Java HotSpot(TM) 64-Bit Server VM (16.3-b01 mixed mode windows-amd64 )
# Problematic frame:
# C  [jsound.dll+0xbc77]
#
# If you would like to submit a bug report, please visit:
#   http://java.sun.com/webapps/bugreport/crash.jsp
# The crash happened outside the Java Virtual Machine in native code.
# See problematic frame for where to report the bug.
#

---------------  T H R E A D  ---------------

Current thread (0x000000004dbd0000):  JavaThread "Headspace mixer frame proc thread" daemon [_thread_in_native, id=10816, stack(0x0000000055240000,0x0000000055340000)]

siginfo: ExceptionCode=0xc0000005, reading address 0xffffffffffffffff

Registers:
EAX=0x0000000006d3a12a, EBX=0x0000000050f92840, ECX=0x0000000006d3a12a, EDX=0x0000000000379fb0
ESP=0x000000005533f190, EBP=0x0000000000000010, ESI=0x000000004dbd01b8, EDI=0x000000000001ce00
EIP=0x000000006d51bc77, EFLAGS=0x0000000000010293

Top of Stack: (sp=0x000000005533f190)
0x000000005533f190:   0000000000382c08 000000004dbd0000
0x000000005533f1a0:   000000005533f790 000000004dbd01b8
0x000000005533f1b0:   000000004dbd01b8 0000000000396db0
0x000000005533f1c0:   0000000000000040 000000004dbd01b8
0x000000005533f1d0:   000000005533f790 000000004dbd01b8
0x000000005533f1e0:   0000000000000000 000000000001ce00
0x000000005533f1f0:   000000004dbd01b8 0000000000000010
0x000000005533f200:   0000000000379fb0 000000006d51d4a0
0x000000005533f210:   000000002239a2e7 000000004dbd01b8
0x000000005533f220:   000000005533f280 000000006d52b22b
0x000000005533f230:   0000004908a3eaa5 00000000003ba3a0
0x000000005533f240:   0000000000000040 000000004dbd01b8
0x000000005533f250:   0000000000379fb0 000000006d520e4d
0x000000005533f260:   0000000000000000 000007fefd0410ac
0x000000005533f270:   0000000000000048 0000000000000001
0x000000005533f280:   0000000000000000 0000000000000000 

Instructions: (pc=0x000000006d51bc77)
0x000000006d51bc67:   e0 de 01 00 0f 84 05 03 00 00 4c 8b c1 41 8b ce
0x000000006d51bc77:   41 2b 48 08 85 c9 7e 2f 48 83 82 e8 de 01 00 10 


Stack: [0x0000000055240000,0x0000000055340000],  sp=0x000000005533f190,  free space=3fc0000000000000000k
Native frames: (J=compiled Java code, j=interpreted, Vv=VM code, C=native code)
C  [jsound.dll+0xbc77]

[error occurred during error reporting (printing native stack), id 0xc0000005]

Java frames: (J=compiled Java code, j=interpreted, Vv=VM code)
j  com.sun.media.sound.MixerThread.runNative(J)V+0
j  com.sun.media.sound.MixerThread.run()V+5
v  ~StubRoutines::call_stub

---------------  P R O C E S S  ---------------

Java Threads: ( => current thread )
  0x00000000562ba800 JavaThread "Java Sound Sequencer" [_thread_blocked, id=12628, stack(0x00000000657f0000,0x00000000658f0000)]
  0x00000000562ba000 JavaThread "Java Sound Sequencer" [_thread_blocked, id=8164, stack(0x00000000656f0000,0x00000000657f0000)]
  0x00000000562b9000 JavaThread "Java Sound Sequencer" [_thread_blocked, id=14344, stack(0x00000000655f0000,0x00000000656f0000)]
  0x00000000562b8800 JavaThread "Java Sound Sequencer" [_thread_blocked, id=13480, stack(0x00000000654f0000,0x00000000655f0000)]
  0x00000000562b7800 JavaThread "Java Sound Sequencer" [_thread_blocked, id=3384, stack(0x00000000653f0000,0x00000000654f0000)]
  0x00000000562b7000 JavaThread "Java Sound Sequencer" [_thread_blocked, id=12512, stack(0x00000000652f0000,0x00000000653f0000)]
  0x00000000562b6800 JavaThread "Java Sound Sequencer" [_thread_blocked, id=8480, stack(0x00000000651f0000,0x00000000652f0000)]
  0x00000000562b5800 JavaThread "Java Sound Sequencer" [_thread_blocked, id=11308, stack(0x00000000650f0000,0x00000000651f0000)]
  0x00000000562b5000 JavaThread "Java Sound Sequencer" [_thread_blocked, id=13868, stack(0x0000000064ff0000,0x00000000650f0000)]
  0x00000000562b4000 JavaThread "Java Sound Sequencer" [_thread_blocked, id=15056, stack(0x0000000064ef0000,0x0000000064ff0000)]
  0x00000000562b3800 JavaThread "Java Sound Sequencer" [_thread_blocked, id=3352, stack(0x0000000064df0000,0x0000000064ef0000)]
  0x00000000562b2800 JavaThread "Java Sound Sequencer" [_thread_blocked, id=7216, stack(0x0000000064cf0000,0x0000000064df0000)]
  0x00000000562b2000 JavaThread "Java Sound Sequencer" [_thread_blocked, id=13476, stack(0x0000000064bf0000,0x0000000064cf0000)]
  0x00000000562b1000 JavaThread "Java Sound Sequencer" [_thread_blocked, id=1904, stack(0x0000000064af0000,0x0000000064bf0000)]
  0x00000000562b0800 JavaThread "Java Sound Sequencer" [_thread_blocked, id=11156, stack(0x00000000649f0000,0x0000000064af0000)]
  0x00000000562b0000 JavaThread "Java Sound Sequencer" [_thread_blocked, id=8880, stack(0x00000000648f0000,0x00000000649f0000)]
  0x00000000562af000 JavaThread "Java Sound Sequencer" [_thread_blocked, id=12928, stack(0x00000000647f0000,0x00000000648f0000)]
  0x0000000056029000 JavaThread "Java Sound Sequencer" [_thread_blocked, id=8212, stack(0x00000000646f0000,0x00000000647f0000)]
  0x0000000056028800 JavaThread "Java Sound Sequencer" [_thread_blocked, id=7244, stack(0x00000000645f0000,0x00000000646f0000)]
  0x0000000056027800 JavaThread "Java Sound Sequencer" [_thread_blocked, id=15292, stack(0x00000000644f0000,0x00000000645f0000)]
  0x0000000056027000 JavaThread "Java Sound Sequencer" [_thread_blocked, id=10748, stack(0x00000000643f0000,0x00000000644f0000)]
  0x0000000056026000 JavaThread "Java Sound Sequencer" [_thread_blocked, id=13024, stack(0x00000000642f0000,0x00000000643f0000)]
  0x0000000056025800 JavaThread "Java Sound Sequencer" [_thread_blocked, id=15592, stack(0x00000000641f0000,0x00000000642f0000)]
  0x0000000056024800 JavaThread "Java Sound Sequencer" [_thread_blocked, id=11760, stack(0x00000000640f0000,0x00000000641f0000)]
  0x0000000056024000 JavaThread "Java Sound Sequencer" [_thread_blocked, id=11096, stack(0x0000000063ff0000,0x00000000640f0000)]
  0x0000000056023800 JavaThread "Java Sound Sequencer" [_thread_blocked, id=2880, stack(0x0000000063ef0000,0x0000000063ff0000)]
  0x0000000056022800 JavaThread "Java Sound Sequencer" [_thread_blocked, id=7436, stack(0x0000000063df0000,0x0000000063ef0000)]
  0x0000000056022000 JavaThread "Java Sound Sequencer" [_thread_blocked, id=4748, stack(0x0000000063cf0000,0x0000000063df0000)]
  0x0000000056833800 JavaThread "Java Sound Sequencer" [_thread_blocked, id=15608, stack(0x0000000063bf0000,0x0000000063cf0000)]
  0x0000000056833000 JavaThread "Java Sound Sequencer" [_thread_blocked, id=7528, stack(0x0000000063af0000,0x0000000063bf0000)]
  0x0000000056832000 JavaThread "Java Sound Sequencer" [_thread_blocked, id=15624, stack(0x00000000639f0000,0x0000000063af0000)]
  0x0000000056831800 JavaThread "Java Sound Sequencer" [_thread_blocked, id=11868, stack(0x00000000638f0000,0x00000000639f0000)]
  0x0000000056830800 JavaThread "Java Sound Sequencer" [_thread_blocked, id=14072, stack(0x00000000637f0000,0x00000000638f0000)]
  0x0000000056830000 JavaThread "Java Sound Sequencer" [_thread_blocked, id=8072, stack(0x00000000636f0000,0x00000000637f0000)]
  0x000000005682f000 JavaThread "Java Sound Sequencer" [_thread_blocked, id=14368, stack(0x00000000635f0000,0x00000000636f0000)]
  0x000000005682e800 JavaThread "Java Sound Sequencer" [_thread_blocked, id=5172, stack(0x00000000634f0000,0x00000000635f0000)]
  0x000000005682d800 JavaThread "Java Sound Sequencer" [_thread_blocked, id=15272, stack(0x00000000633f0000,0x00000000634f0000)]
  0x000000005682d000 JavaThread "Java Sound Sequencer" [_thread_blocked, id=9240, stack(0x00000000632f0000,0x00000000633f0000)]
  0x000000005682c800 JavaThread "Java Sound Sequencer" [_thread_blocked, id=16280, stack(0x00000000631f0000,0x00000000632f0000)]
  0x0000000056317000 JavaThread "Java Sound Sequencer" [_thread_blocked, id=13916, stack(0x00000000630f0000,0x00000000631f0000)]
  0x0000000056316800 JavaThread "Java Sound Sequencer" [_thread_blocked, id=11584, stack(0x0000000062ff0000,0x00000000630f0000)]
  0x0000000056315800 JavaThread "Java Sound Sequencer" [_thread_blocked, id=13960, stack(0x0000000062ef0000,0x0000000062ff0000)]
  0x0000000056315000 JavaThread "Java Sound Sequencer" [_thread_blocked, id=12020, stack(0x0000000062df0000,0x0000000062ef0000)]
  0x0000000056314000 JavaThread "Java Sound Sequencer" [_thread_blocked, id=10664, stack(0x0000000062cf0000,0x0000000062df0000)]
  0x0000000056313800 JavaThread "Java Sound Sequencer" [_thread_blocked, id=12880, stack(0x0000000062bf0000,0x0000000062cf0000)]
  0x0000000056312800 JavaThread "Java Sound Sequencer" [_thread_blocked, id=12748, stack(0x0000000062af0000,0x0000000062bf0000)]
  0x0000000056312000 JavaThread "Java Sound Sequencer" [_thread_blocked, id=13356, stack(0x00000000629f0000,0x0000000062af0000)]
  0x0000000056311800 JavaThread "Java Sound Sequencer" [_thread_blocked, id=13136, stack(0x00000000628f0000,0x00000000629f0000)]
  0x0000000056310800 JavaThread "Java Sound Sequencer" [_thread_blocked, id=12804, stack(0x00000000627f0000,0x00000000628f0000)]
  0x0000000056310000 JavaThread "Java Sound Sequencer" [_thread_blocked, id=10688, stack(0x00000000626f0000,0x00000000627f0000)]
  0x00000000560bd800 JavaThread "Java Sound Sequencer" [_thread_blocked, id=13100, stack(0x00000000625f0000,0x00000000626f0000)]
  0x00000000560bc800 JavaThread "Java Sound Sequencer" [_thread_blocked, id=10760, stack(0x00000000624f0000,0x00000000625f0000)]
  0x00000000560bc000 JavaThread "Java Sound Sequencer" [_thread_blocked, id=12516, stack(0x00000000623f0000,0x00000000624f0000)]
  0x00000000560bb000 JavaThread "Java Sound Sequencer" [_thread_blocked, id=8676, stack(0x00000000622f0000,0x00000000623f0000)]
  0x00000000560ba800 JavaThread "Java Sound Sequencer" [_thread_blocked, id=12704, stack(0x00000000621f0000,0x00000000622f0000)]
  0x00000000560b9800 JavaThread "Java Sound Sequencer" [_thread_blocked, id=13000, stack(0x00000000620f0000,0x00000000621f0000)]
  0x00000000560b9000 JavaThread "Java Sound Sequencer" [_thread_blocked, id=12412, stack(0x0000000061ff0000,0x00000000620f0000)]
  0x00000000560b8000 JavaThread "Java Sound Sequencer" [_thread_blocked, id=11708, stack(0x0000000061ef0000,0x0000000061ff0000)]
  0x00000000560b7800 JavaThread "Java Sound Sequencer" [_thread_blocked, id=15808, stack(0x0000000061df0000,0x0000000061ef0000)]
  0x00000000560b7000 JavaThread "Java Sound Sequencer" [_thread_blocked, id=7708, stack(0x0000000061cf0000,0x0000000061df0000)]
  0x00000000560b6000 JavaThread "Java Sound Sequencer" [_thread_blocked, id=9148, stack(0x0000000061bf0000,0x0000000061cf0000)]
  0x0000000056377000 JavaThread "Java Sound Sequencer" [_thread_blocked, id=9780, stack(0x0000000061af0000,0x0000000061bf0000)]
  0x0000000056376800 JavaThread "Java Sound Sequencer" [_thread_blocked, id=5540, stack(0x00000000619f0000,0x0000000061af0000)]
  0x0000000056375800 JavaThread "Java Sound Sequencer" [_thread_blocked, id=8404, stack(0x00000000618f0000,0x00000000619f0000)]
  0x0000000056375000 JavaThread "Java Sound Sequencer" [_thread_blocked, id=11328, stack(0x00000000617f0000,0x00000000618f0000)]
  0x0000000056374000 JavaThread "Java Sound Sequencer" [_thread_blocked, id=7076, stack(0x00000000616f0000,0x00000000617f0000)]
  0x0000000056373800 JavaThread "Java Sound Sequencer" [_thread_blocked, id=5736, stack(0x00000000615f0000,0x00000000616f0000)]
  0x0000000056372800 JavaThread "Java Sound Sequencer" [_thread_blocked, id=6292, stack(0x00000000614f0000,0x00000000615f0000)]
  0x0000000056372000 JavaThread "Java Sound Sequencer" [_thread_blocked, id=10920, stack(0x00000000613f0000,0x00000000614f0000)]
  0x0000000056371800 JavaThread "Java Sound Sequencer" [_thread_blocked, id=9912, stack(0x00000000612f0000,0x00000000613f0000)]
  0x0000000056370800 JavaThread "Java Sound Sequencer" [_thread_blocked, id=14712, stack(0x00000000611f0000,0x00000000612f0000)]
  0x0000000056370000 JavaThread "Java Sound Sequencer" [_thread_blocked, id=680, stack(0x00000000610f0000,0x00000000611f0000)]
  0x0000000049e62800 JavaThread "Java Sound Sequencer" [_thread_blocked, id=16020, stack(0x0000000060ff0000,0x00000000610f0000)]
  0x0000000049e61800 JavaThread "Java Sound Sequencer" [_thread_blocked, id=13220, stack(0x0000000060ef0000,0x0000000060ff0000)]
  0x0000000049e61000 JavaThread "Java Sound Sequencer" [_thread_blocked, id=9732, stack(0x0000000060df0000,0x0000000060ef0000)]
  0x0000000049e60000 JavaThread "Java Sound Sequencer" [_thread_blocked, id=7824, stack(0x0000000060cf0000,0x0000000060df0000)]
  0x0000000049e5f800 JavaThread "Java Sound Sequencer" [_thread_blocked, id=12696, stack(0x0000000060bf0000,0x0000000060cf0000)]
  0x0000000049e5e800 JavaThread "Java Sound Sequencer" [_thread_blocked, id=1548, stack(0x0000000060af0000,0x0000000060bf0000)]
  0x0000000049e5e000 JavaThread "Java Sound Sequencer" [_thread_blocked, id=8028, stack(0x00000000609f0000,0x0000000060af0000)]
  0x0000000049e5d000 JavaThread "Java Sound Sequencer" [_thread_blocked, id=8364, stack(0x00000000608f0000,0x00000000609f0000)]
  0x0000000049e5c800 JavaThread "Java Sound Sequencer" [_thread_blocked, id=1880, stack(0x00000000607f0000,0x00000000608f0000)]
  0x0000000049e5c000 JavaThread "Java Sound Sequencer" [_thread_blocked, id=13028, stack(0x00000000606f0000,0x00000000607f0000)]
  0x0000000049e5b000 JavaThread "Java Sound Sequencer" [_thread_blocked, id=3092, stack(0x00000000605f0000,0x00000000606f0000)]
  0x00000000563db800 JavaThread "Java Sound Sequencer" [_thread_blocked, id=15116, stack(0x00000000604f0000,0x00000000605f0000)]
  0x00000000563db000 JavaThread "Java Sound Sequencer" [_thread_blocked, id=5104, stack(0x00000000603f0000,0x00000000604f0000)]
  0x00000000563da000 JavaThread "Java Sound Sequencer" [_thread_in_Java, id=7112, stack(0x00000000602f0000,0x00000000603f0000)]
  0x00000000563d9800 JavaThread "Java Sound Sequencer" [_thread_blocked, id=16040, stack(0x00000000601f0000,0x00000000602f0000)]
  0x00000000563d8800 JavaThread "Java Sound Sequencer" [_thread_blocked, id=13344, stack(0x00000000600f0000,0x00000000601f0000)]
  0x00000000563d8000 JavaThread "Java Sound Sequencer" [_thread_blocked, id=13104, stack(0x000000005fff0000,0x00000000600f0000)]
  0x00000000563d7000 JavaThread "Java Sound Sequencer" [_thread_blocked, id=14064, stack(0x000000005fef0000,0x000000005fff0000)]
  0x00000000563d6800 JavaThread "Java Sound Sequencer" [_thread_blocked, id=15296, stack(0x000000005fdf0000,0x000000005fef0000)]
  0x00000000563d5800 JavaThread "Java Sound Sequencer" [_thread_blocked, id=13872, stack(0x000000005fcf0000,0x000000005fdf0000)]
  0x00000000563d5000 JavaThread "Java Sound Sequencer" [_thread_blocked, id=4720, stack(0x000000005fbf0000,0x000000005fcf0000)]
  0x00000000563d4800 JavaThread "Java Sound Sequencer" [_thread_blocked, id=5148, stack(0x000000005faf0000,0x000000005fbf0000)]
  0x0000000056256000 JavaThread "Java Sound Sequencer" [_thread_blocked, id=15372, stack(0x000000005f9f0000,0x000000005faf0000)]
  0x0000000056255000 JavaThread "Java Sound Sequencer" [_thread_blocked, id=13648, stack(0x000000005f8f0000,0x000000005f9f0000)]
  0x0000000056254800 JavaThread "Java Sound Sequencer" [_thread_blocked, id=14692, stack(0x000000005f7f0000,0x000000005f8f0000)]
  0x0000000056254000 JavaThread "Java Sound Sequencer" [_thread_blocked, id=9160, stack(0x000000005f6f0000,0x000000005f7f0000)]
  0x0000000056253000 JavaThread "Java Sound Sequencer" [_thread_blocked, id=13160, stack(0x000000005f5f0000,0x000000005f6f0000)]
  0x0000000056252800 JavaThread "Java Sound Sequencer" [_thread_blocked, id=3724, stack(0x000000005f4f0000,0x000000005f5f0000)]
  0x0000000056251800 JavaThread "Java Sound Sequencer" [_thread_blocked, id=16000, stack(0x000000005f3f0000,0x000000005f4f0000)]
  0x0000000056251000 JavaThread "Java Sound Sequencer" [_thread_blocked, id=13736, stack(0x000000005f2f0000,0x000000005f3f0000)]
  0x0000000056250000 JavaThread "Java Sound Sequencer" [_thread_blocked, id=12012, stack(0x000000005f1f0000,0x000000005f2f0000)]
  0x000000005624f800 JavaThread "Java Sound Sequencer" [_thread_blocked, id=12720, stack(0x000000005f0f0000,0x000000005f1f0000)]
  0x000000005624e800 JavaThread "Java Sound Sequencer" [_thread_blocked, id=14672, stack(0x000000005eff0000,0x000000005f0f0000)]
  0x000000004dbde800 JavaThread "Java Sound Sequencer" [_thread_blocked, id=10876, stack(0x000000005df20000,0x000000005e020000)]
  0x000000004dbde000 JavaThread "Java Sound Sequencer" [_thread_blocked, id=9576, stack(0x000000005de20000,0x000000005df20000)]
  0x000000004dbdd800 JavaThread "Java Sound Sequencer" [_thread_blocked, id=16208, stack(0x000000005dd20000,0x000000005de20000)]
  0x000000004dbdc800 JavaThread "Java Sound Sequencer" [_thread_blocked, id=3292, stack(0x000000005cc50000,0x000000005cd50000)]
  0x000000004dbdc000 JavaThread "Java Sound Sequencer" [_thread_blocked, id=11172, stack(0x000000005cb50000,0x000000005cc50000)]
  0x000000004dbdb000 JavaThread "Java Sound Sequencer" [_thread_blocked, id=10496, stack(0x000000005ca50000,0x000000005cb50000)]
  0x000000004dbda800 JavaThread "Java Sound Sequencer" [_thread_blocked, id=7236, stack(0x000000005b980000,0x000000005ba80000)]
  0x000000004dbd9800 JavaThread "Java Sound Sequencer" [_thread_blocked, id=8576, stack(0x000000005b880000,0x000000005b980000)]
  0x000000004dbd9000 JavaThread "Java Sound Sequencer" [_thread_blocked, id=13448, stack(0x000000005b780000,0x000000005b880000)]
  0x000000004dbd8000 JavaThread "Java Sound Sequencer" [_thread_blocked, id=13616, stack(0x000000005a6b0000,0x000000005a7b0000)]
  0x000000004dbd7800 JavaThread "Java Sound Sequencer" [_thread_blocked, id=11476, stack(0x000000005a5b0000,0x000000005a6b0000)]
  0x000000004dbd6800 JavaThread "Java Sound Sequencer" [_thread_blocked, id=15176, stack(0x000000005a4b0000,0x000000005a5b0000)]
  0x000000004dbd6000 JavaThread "Java Sound Sequencer" [_thread_blocked, id=7464, stack(0x000000004e9e0000,0x000000004eae0000)]
  0x000000004dbd5800 JavaThread "D3D Screen Updater" daemon [_thread_blocked, id=7556, stack(0x0000000058320000,0x0000000058420000)]
  0x000000004dbd4800 JavaThread "DestroyJavaVM" [_thread_blocked, id=12248, stack(0x0000000002bd0000,0x0000000002cd0000)]
  0x000000004dbd4000 JavaThread "The Animator V 3.0" [_thread_in_native, id=8804, stack(0x0000000057850000,0x0000000057950000)]
  0x000000004dbd3000 JavaThread "AWT-EventQueue-0" [_thread_blocked, id=7360, stack(0x0000000056ce0000,0x0000000056de0000)]
  0x000000004dbd2800 JavaThread "AWT-Shutdown" [_thread_blocked, id=9236, stack(0x0000000057650000,0x0000000057750000)]
  0x000000004dbd1800 JavaThread "Java Sound Sequencer" [_thread_blocked, id=7972, stack(0x0000000057550000,0x0000000057650000)]
  0x000000004dbd1000 JavaThread "Java Sound Event Dispatcher" daemon [_thread_blocked, id=6756, stack(0x000000004a7e0000,0x000000004a8e0000)]
=>0x000000004dbd0000 JavaThread "Headspace mixer frame proc thread" daemon [_thread_in_native, id=10816, stack(0x0000000055240000,0x0000000055340000)]
  0x000000004dbcf800 JavaThread "PooledThread-31" [_thread_blocked, id=13632, stack(0x0000000055140000,0x0000000055240000)]
  0x000000004dbaf000 JavaThread "PooledThread-30" [_thread_blocked, id=14596, stack(0x0000000055040000,0x0000000055140000)]
  0x000000004dbae000 JavaThread "PooledThread-29" [_thread_blocked, id=12464, stack(0x0000000054f40000,0x0000000055040000)]
  0x000000004dbad800 JavaThread "PooledThread-28" [_thread_blocked, id=12444, stack(0x0000000054e40000,0x0000000054f40000)]
  0x000000004dbac800 JavaThread "PooledThread-27" [_thread_blocked, id=11576, stack(0x0000000054d40000,0x0000000054e40000)]
  0x000000004dbac000 JavaThread "PooledThread-26" [_thread_blocked, id=9816, stack(0x0000000054c40000,0x0000000054d40000)]
  0x000000004dbab000 JavaThread "PooledThread-25" [_thread_blocked, id=12760, stack(0x0000000054b40000,0x0000000054c40000)]
  0x000000004dbaa800 JavaThread "PooledThread-24" [_thread_blocked, id=11168, stack(0x0000000054a40000,0x0000000054b40000)]
  0x000000004dba9800 JavaThread "PooledThread-23" [_thread_blocked, id=14464, stack(0x0000000054940000,0x0000000054a40000)]
  0x000000004dba9000 JavaThread "PooledThread-22" [_thread_blocked, id=8496, stack(0x0000000054840000,0x0000000054940000)]
  0x000000004dba8800 JavaThread "PooledThread-21" [_thread_blocked, id=12164, stack(0x0000000054740000,0x0000000054840000)]
  0x000000004dba7800 JavaThread "PooledThread-20" [_thread_blocked, id=13044, stack(0x0000000054640000,0x0000000054740000)]
  0x000000004dba7000 JavaThread "PooledThread-19" [_thread_blocked, id=12960, stack(0x0000000054540000,0x0000000054640000)]
  0x000000004dba6000 JavaThread "PooledThread-18" [_thread_blocked, id=10856, stack(0x0000000054440000,0x0000000054540000)]
  0x000000004dba5800 JavaThread "PooledThread-17" [_thread_blocked, id=11928, stack(0x0000000054340000,0x0000000054440000)]
  0x000000004dba4800 JavaThread "PooledThread-16" [_thread_blocked, id=15380, stack(0x0000000054240000,0x0000000054340000)]
  0x000000004dba4000 JavaThread "PooledThread-15" [_thread_blocked, id=2836, stack(0x0000000054140000,0x0000000054240000)]
  0x000000004dba3000 JavaThread "PooledThread-14" [_thread_blocked, id=13544, stack(0x0000000054040000,0x0000000054140000)]
  0x000000004dba2800 JavaThread "PooledThread-13" [_thread_blocked, id=12196, stack(0x0000000053f40000,0x0000000054040000)]
  0x000000004dba2000 JavaThread "PooledThread-12" [_thread_blocked, id=11808, stack(0x0000000053e40000,0x0000000053f40000)]
  0x000000004dba1000 JavaThread "PooledThread-11" [_thread_blocked, id=13792, stack(0x0000000053d40000,0x0000000053e40000)]
  0x000000004dba0800 JavaThread "PooledThread-10" [_thread_blocked, id=12532, stack(0x0000000053c40000,0x0000000053d40000)]
  0x000000004db9f800 JavaThread "PooledThread-9" [_thread_blocked, id=8732, stack(0x0000000053b40000,0x0000000053c40000)]
  0x000000004db6e000 JavaThread "PooledThread-8" [_thread_blocked, id=12916, stack(0x0000000053a40000,0x0000000053b40000)]
  0x000000004db6d000 JavaThread "PooledThread-7" [_thread_blocked, id=9064, stack(0x0000000053940000,0x0000000053a40000)]
  0x000000004db6c800 JavaThread "PooledThread-6" [_thread_blocked, id=8736, stack(0x0000000053840000,0x0000000053940000)]
  0x000000004db6b800 JavaThread "PooledThread-5" [_thread_blocked, id=9472, stack(0x0000000053740000,0x0000000053840000)]
  0x000000004db6b000 JavaThread "PooledThread-4" [_thread_blocked, id=6988, stack(0x0000000053640000,0x0000000053740000)]
  0x000000004db6a800 JavaThread "PooledThread-3" [_thread_blocked, id=15628, stack(0x0000000053540000,0x0000000053640000)]
  0x000000004db69800 JavaThread "PooledThread-2" [_thread_blocked, id=6488, stack(0x0000000053440000,0x0000000053540000)]
  0x000000004db69000 JavaThread "PooledThread-1" [_thread_blocked, id=13176, stack(0x0000000053340000,0x0000000053440000)]
  0x000000004db68000 JavaThread "PooledThread-0" [_thread_blocked, id=8328, stack(0x0000000053240000,0x0000000053340000)]
  0x000000004db67800 JavaThread "PooledThread-31" [_thread_blocked, id=15212, stack(0x0000000053140000,0x0000000053240000)]
  0x000000004db66800 JavaThread "PooledThread-30" [_thread_blocked, id=10692, stack(0x0000000053040000,0x0000000053140000)]
  0x000000004db66000 JavaThread "PooledThread-29" [_thread_blocked, id=10392, stack(0x0000000052f40000,0x0000000053040000)]
  0x000000004db65000 JavaThread "PooledThread-28" [_thread_blocked, id=9176, stack(0x0000000052e40000,0x0000000052f40000)]
  0x000000004db64800 JavaThread "PooledThread-27" [_thread_blocked, id=11072, stack(0x0000000052d40000,0x0000000052e40000)]
  0x000000004db64000 JavaThread "PooledThread-26" [_thread_blocked, id=6512, stack(0x0000000052c40000,0x0000000052d40000)]
  0x000000004db63000 JavaThread "PooledThread-25" [_thread_blocked, id=13972, stack(0x0000000052b40000,0x0000000052c40000)]
  0x000000004db62800 JavaThread "PooledThread-24" [_thread_blocked, id=14216, stack(0x0000000052a40000,0x0000000052b40000)]
  0x000000004db61800 JavaThread "PooledThread-23" [_thread_blocked, id=10900, stack(0x0000000052940000,0x0000000052a40000)]
  0x000000004db61000 JavaThread "PooledThread-22" [_thread_blocked, id=11936, stack(0x0000000052840000,0x0000000052940000)]
  0x000000004db60000 JavaThread "PooledThread-21" [_thread_blocked, id=12828, stack(0x0000000052740000,0x0000000052840000)]
  0x000000004db5f800 JavaThread "PooledThread-20" [_thread_blocked, id=7680, stack(0x0000000052640000,0x0000000052740000)]
  0x000000004db5e800 JavaThread "PooledThread-19" [_thread_blocked, id=13684, stack(0x0000000052540000,0x0000000052640000)]
  0x000000004db31000 JavaThread "PooledThread-18" [_thread_blocked, id=10924, stack(0x0000000052440000,0x0000000052540000)]
  0x000000004db30000 JavaThread "PooledThread-17" [_thread_blocked, id=14184, stack(0x0000000052340000,0x0000000052440000)]
  0x000000004db2f800 JavaThread "PooledThread-16" [_thread_blocked, id=5876, stack(0x0000000052240000,0x0000000052340000)]
  0x000000004db2e800 JavaThread "PooledThread-15" [_thread_blocked, id=12952, stack(0x0000000052140000,0x0000000052240000)]
  0x000000004db2e000 JavaThread "PooledThread-14" [_thread_blocked, id=10364, stack(0x0000000052040000,0x0000000052140000)]
  0x000000004db2d800 JavaThread "PooledThread-13" [_thread_blocked, id=13432, stack(0x0000000051f40000,0x0000000052040000)]
  0x000000004db2c800 JavaThread "PooledThread-12" [_thread_blocked, id=12352, stack(0x0000000051e40000,0x0000000051f40000)]
  0x000000004db2c000 JavaThread "PooledThread-11" [_thread_blocked, id=10380, stack(0x0000000051d40000,0x0000000051e40000)]
  0x000000004db2b000 JavaThread "PooledThread-10" [_thread_blocked, id=8540, stack(0x0000000051c40000,0x0000000051d40000)]
  0x000000004db2a800 JavaThread "PooledThread-9" [_thread_blocked, id=1652, stack(0x0000000051b40000,0x0000000051c40000)]
  0x000000004db29800 JavaThread "PooledThread-8" [_thread_blocked, id=10208, stack(0x0000000051a40000,0x0000000051b40000)]
  0x000000004db29000 JavaThread "PooledThread-7" [_thread_blocked, id=15140, stack(0x0000000051940000,0x0000000051a40000)]
  0x000000004db28000 JavaThread "PooledThread-6" [_thread_blocked, id=12072, stack(0x0000000051840000,0x0000000051940000)]
  0x000000004db27800 JavaThread "PooledThread-5" [_thread_blocked, id=13156, stack(0x0000000051740000,0x0000000051840000)]
  0x000000004db27000 JavaThread "PooledThread-4" [_thread_blocked, id=11960, stack(0x0000000051640000,0x0000000051740000)]
  0x000000004db26000 JavaThread "PooledThread-3" [_thread_blocked, id=10328, stack(0x0000000051540000,0x0000000051640000)]
  0x000000004db25800 JavaThread "PooledThread-2" [_thread_blocked, id=15880, stack(0x0000000051440000,0x0000000051540000)]
  0x000000004db24800 JavaThread "PooledThread-1" [_thread_blocked, id=10352, stack(0x0000000051340000,0x0000000051440000)]
  0x000000004db24000 JavaThread "PooledThread-0" [_thread_blocked, id=760, stack(0x0000000051240000,0x0000000051340000)]
  0x000000004db23000 JavaThread "PooledThread-31" [_thread_blocked, id=11704, stack(0x0000000050e40000,0x0000000050f40000)]
  0x000000004db22800 JavaThread "PooledThread-30" [_thread_blocked, id=12496, stack(0x0000000050d40000,0x0000000050e40000)]
  0x000000004db21800 JavaThread "PooledThread-29" [_thread_blocked, id=8472, stack(0x0000000050c40000,0x0000000050d40000)]
  0x000000004db10800 JavaThread "PooledThread-28" [_thread_blocked, id=6076, stack(0x0000000050b40000,0x0000000050c40000)]
  0x000000004db0f800 JavaThread "PooledThread-27" [_thread_blocked, id=5184, stack(0x0000000050a40000,0x0000000050b40000)]
  0x000000004db0f000 JavaThread "PooledThread-26" [_thread_blocked, id=13420, stack(0x0000000050940000,0x0000000050a40000)]
  0x000000004db0e000 JavaThread "PooledThread-25" [_thread_blocked, id=8176, stack(0x0000000050840000,0x0000000050940000)]
  0x000000004db0d800 JavaThread "PooledThread-24" [_thread_blocked, id=8620, stack(0x0000000050740000,0x0000000050840000)]
  0x000000004db0d000 JavaThread "PooledThread-23" [_thread_blocked, id=15432, stack(0x0000000050640000,0x0000000050740000)]
  0x000000004db0c000 JavaThread "PooledThread-22" [_thread_blocked, id=4672, stack(0x0000000050540000,0x0000000050640000)]
  0x000000004db0b800 JavaThread "PooledThread-21" [_thread_blocked, id=10168, stack(0x0000000050440000,0x0000000050540000)]
  0x000000004db0a800 JavaThread "PooledThread-20" [_thread_blocked, id=12572, stack(0x0000000050340000,0x0000000050440000)]
  0x000000004db0a000 JavaThread "PooledThread-19" [_thread_blocked, id=12084, stack(0x0000000050240000,0x0000000050340000)]
  0x000000004db09000 JavaThread "PooledThread-18" [_thread_blocked, id=9044, stack(0x0000000050140000,0x0000000050240000)]
  0x000000004db08800 JavaThread "PooledThread-17" [_thread_blocked, id=14104, stack(0x0000000050040000,0x0000000050140000)]
  0x000000004db07800 JavaThread "PooledThread-16" [_thread_blocked, id=8524, stack(0x000000004ff40000,0x0000000050040000)]
  0x000000004db07000 JavaThread "PooledThread-15" [_thread_blocked, id=16196, stack(0x000000004fe40000,0x000000004ff40000)]
  0x000000004db06800 JavaThread "PooledThread-14" [_thread_blocked, id=12592, stack(0x000000004fd40000,0x000000004fe40000)]
  0x000000004db05800 JavaThread "PooledThread-13" [_thread_blocked, id=10660, stack(0x000000004fc40000,0x000000004fd40000)]
  0x000000004db05000 JavaThread "PooledThread-12" [_thread_blocked, id=12904, stack(0x000000004fb40000,0x000000004fc40000)]
  0x000000004db04000 JavaThread "PooledThread-11" [_thread_blocked, id=11824, stack(0x000000004fa40000,0x000000004fb40000)]
  0x000000004db03800 JavaThread "PooledThread-10" [_thread_blocked, id=14396, stack(0x000000004f940000,0x000000004fa40000)]
  0x000000004db02800 JavaThread "PooledThread-9" [_thread_blocked, id=12456, stack(0x000000004f840000,0x000000004f940000)]
  0x000000004db02000 JavaThread "PooledThread-8" [_thread_blocked, id=10640, stack(0x000000004f740000,0x000000004f840000)]
  0x000000004db01000 JavaThread "PooledThread-7" [_thread_blocked, id=2284, stack(0x000000004f640000,0x000000004f740000)]
  0x000000004daff000 JavaThread "PooledThread-6" [_thread_blocked, id=10412, stack(0x000000004f540000,0x000000004f640000)]
  0x000000004daf8800 JavaThread "PooledThread-5" [_thread_blocked, id=4640, stack(0x000000004f440000,0x000000004f540000)]
  0x0000000049e77000 JavaThread "PooledThread-4" [_thread_blocked, id=12060, stack(0x000000004f340000,0x000000004f440000)]
  0x0000000049e76800 JavaThread "PooledThread-3" [_thread_blocked, id=14696, stack(0x000000004f240000,0x000000004f340000)]
  0x0000000049e75800 JavaThread "PooledThread-2" [_thread_blocked, id=2296, stack(0x000000004f140000,0x000000004f240000)]
  0x0000000049e75000 JavaThread "PooledThread-1" [_thread_blocked, id=1824, stack(0x000000004f040000,0x000000004f140000)]
  0x0000000049e43000 JavaThread "PooledThread-0" [_thread_blocked, id=6148, stack(0x000000004ef40000,0x000000004f040000)]
  0x0000000049e45800 JavaThread "Java Sound Event Dispatcher" daemon [_thread_blocked, id=3592, stack(0x000000004e8e0000,0x000000004e9e0000)]
  0x0000000049de5800 JavaThread "AWT-Windows" daemon [_thread_in_native, id=12824, stack(0x000000004a8e0000,0x000000004a9e0000)]
  0x0000000049ddd800 JavaThread "Java2D Disposer" daemon [_thread_blocked, id=14328, stack(0x000000004a6e0000,0x000000004a7e0000)]
  0x0000000049cfa000 JavaThread "Low Memory Detector" daemon [_thread_blocked, id=11196, stack(0x000000004a290000,0x000000004a390000)]
  0x0000000049cf9000 JavaThread "CompilerThread1" daemon [_thread_blocked, id=11660, stack(0x000000004a190000,0x000000004a290000)]
  0x0000000049ce4000 JavaThread "CompilerThread0" daemon [_thread_blocked, id=12772, stack(0x000000004a090000,0x000000004a190000)]
  0x0000000049ce1000 JavaThread "Attach Listener" daemon [_thread_blocked, id=12932, stack(0x0000000049f90000,0x000000004a090000)]
  0x0000000049cdb800 JavaThread "Signal Dispatcher" daemon [_thread_blocked, id=13724, stack(0x0000000049e90000,0x0000000049f90000)]
  0x0000000000706800 JavaThread "Finalizer" daemon [_thread_blocked, id=13436, stack(0x0000000049b90000,0x0000000049c90000)]
  0x00000000006ff800 JavaThread "Reference Handler" daemon [_thread_blocked, id=4404, stack(0x0000000049a90000,0x0000000049b90000)]

Other Threads:
  0x00000000006fb000 VMThread [stack: 0x0000000049990000,0x0000000049a90000] [id=14032]
  0x0000000049cfc000 WatcherThread [stack: 0x000000004a390000,0x000000004a490000] [id=15448]

VM state:not at safepoint (normal execution)

VM Mutex/Monitor currently owned by a thread: None

Heap
 PSYoungGen      total 19200K, used 13901K [0x0000000034380000, 0x0000000035b20000, 0x0000000048cd0000)
  eden space 15104K, 72% used [0x0000000034380000,0x0000000034e24220,0x0000000035240000)
  from space 4096K, 73% used [0x0000000035720000,0x0000000035a0f220,0x0000000035b20000)
  to   space 4544K, 0% used [0x0000000035240000,0x0000000035240000,0x00000000356b0000)
 PSOldGen        total 42176K, used 2467K [0x000000000b0d0000, 0x000000000da00000, 0x0000000034380000)
  object space 42176K, 5% used [0x000000000b0d0000,0x000000000b338f70,0x000000000da00000)
 PSPermGen       total 21248K, used 11602K [0x0000000005cd0000, 0x0000000007190000, 0x000000000b0d0000)
  object space 21248K, 54% used [0x0000000005cd0000,0x0000000006824ad8,0x0000000007190000)

Dynamic libraries:
0x0000000000400000 - 0x000000000042e000 	C:\Program Files\Java\jre6\bin\javaw.exe
0x0000000076d80000 - 0x0000000076f2c000 	C:\Windows\SYSTEM32\ntdll.dll
0x0000000076c60000 - 0x0000000076d7f000 	C:\Windows\system32\kernel32.dll
0x000007fefd040000 - 0x000007fefd0ac000 	C:\Windows\system32\KERNELBASE.dll
0x000007fefefb0000 - 0x000007feff08b000 	C:\Windows\system32\ADVAPI32.dll
0x000007fefe570000 - 0x000007fefe60f000 	C:\Windows\system32\msvcrt.dll
0x000007fefe610000 - 0x000007fefe62f000 	C:\Windows\SYSTEM32\sechost.dll
0x000007fefe630000 - 0x000007fefe75e000 	C:\Windows\system32\RPCRT4.dll
0x0000000076b60000 - 0x0000000076c5a000 	C:\Windows\system32\USER32.dll
0x000007fefe7e0000 - 0x000007fefe847000 	C:\Windows\system32\GDI32.dll
0x000007fefd260000 - 0x000007fefd26e000 	C:\Windows\system32\LPK.dll
0x000007fefe0a0000 - 0x000007fefe16a000 	C:\Windows\system32\USP10.dll
0x000007fefcb70000 - 0x000007fefcbc7000 	C:\Windows\system32\apphelp.dll
0x000007feece60000 - 0x000007feeceb1000 	C:\Windows\AppPatch\AppPatch64\AcGenral.DLL
0x000007fefcb40000 - 0x000007fefcb65000 	C:\Windows\system32\SspiCli.dll
0x000007fefec10000 - 0x000007fefec81000 	C:\Windows\system32\SHLWAPI.dll
0x000007fefe360000 - 0x000007fefe562000 	C:\Windows\system32\ole32.dll
0x000007fefd270000 - 0x000007fefdff7000 	C:\Windows\system32\SHELL32.dll
0x000000006dca0000 - 0x000000006dca3000 	C:\Windows\system32\sfc.dll
0x000007fef5980000 - 0x000007fef5990000 	C:\Windows\system32\sfc_os.DLL
0x000007fefc020000 - 0x000007fefc03e000 	C:\Windows\system32\USERENV.dll
0x000007fefcce0000 - 0x000007fefccef000 	C:\Windows\system32\profapi.dll
0x000007fefaf80000 - 0x000007fefaf98000 	C:\Windows\system32\dwmapi.dll
0x000007fef94b0000 - 0x000007fef94c8000 	C:\Windows\system32\MPR.dll
0x000007fefd0b0000 - 0x000007fefd0de000 	C:\Windows\system32\IMM32.DLL
0x000007fefec90000 - 0x000007fefed99000 	C:\Windows\system32\MSCTF.dll
0x0000000002520000 - 0x0000000002bc5000 	C:\Program Files\Java\jre6\bin\server\jvm.dll
0x000007fef9470000 - 0x000007fef94ab000 	C:\Windows\system32\WINMM.dll
0x000000006d760000 - 0x000000006d76e000 	C:\Program Files\Java\jre6\bin\verify.dll
0x000000006d3b0000 - 0x000000006d3d7000 	C:\Program Files\Java\jre6\bin\java.dll
0x000000006d310000 - 0x000000006d31a000 	C:\Program Files\Java\jre6\bin\hpi.dll
0x0000000076f40000 - 0x0000000076f47000 	C:\Windows\system32\PSAPI.DLL
0x000000006d7b0000 - 0x000000006d7c2000 	C:\Program Files\Java\jre6\bin\zip.dll
0x000000006d000000 - 0x000000006d1c3000 	C:\Program Files\Java\jre6\bin\awt.dll
0x000007fefad10000 - 0x000007fefad80000 	C:\Windows\system32\WINSPOOL.DRV
0x000007fefb770000 - 0x000007fefb964000 	C:\Windows\WinSxS\amd64_microsoft.windows.common-controls_6595b64144ccf1df_6.0.7600.16661_none_fa62ad231704eab7\COMCTL32.dll
0x000007fefb460000 - 0x000007fefb4b6000 	C:\Windows\system32\uxtheme.dll
0x000000006d2a0000 - 0x000000006d30b000 	C:\Program Files\Java\jre6\bin\fontmanager.dll
0x000007fefcc10000 - 0x000007fefcc1f000 	C:\Windows\system32\CRYPTBASE.dll
0x000007fee8f60000 - 0x000007fee915f000 	C:\Windows\system32\d3d9.dll
0x000007fefbe00000 - 0x000007fefbe0c000 	C:\Windows\system32\VERSION.dll
0x000007fefb4e0000 - 0x000007fefb4e7000 	C:\Windows\system32\d3d8thk.dll
0x000000006e5a0000 - 0x000000006ea1b000 	C:\Windows\system32\atiumd64.dll
0x000000006e070000 - 0x000000006e307000 	C:\Windows\system32\atiumd6a.dll
0x000000006d510000 - 0x000000006d53e000 	C:\Program Files\Java\jre6\bin\jsound.dll
0x000007fefb640000 - 0x000007fefb68b000 	C:\Windows\system32\MMDevAPI.DLL
0x000007fefb510000 - 0x000007fefb63c000 	C:\Windows\system32\PROPSYS.dll
0x000007fefeed0000 - 0x000007fefefa7000 	C:\Windows\system32\OLEAUT32.dll
0x000007fef5c80000 - 0x000007fef5cbb000 	C:\Windows\system32\wdmaud.drv
0x000000006f5c0000 - 0x000000006f5c6000 	C:\Windows\system32\ksuser.dll
0x000007fefb740000 - 0x000007fefb749000 	C:\Windows\system32\AVRT.dll
0x000007fefe170000 - 0x000007fefe347000 	C:\Windows\system32\SETUPAPI.dll
0x000007fefcfe0000 - 0x000007fefd016000 	C:\Windows\system32\CFGMGR32.dll
0x000007fefd020000 - 0x000007fefd03a000 	C:\Windows\system32\DEVOBJ.dll
0x000007fef7200000 - 0x000007fef724f000 	C:\Windows\system32\AUDIOSES.DLL
0x000007fef8140000 - 0x000007fef814a000 	C:\Windows\system32\msacm32.drv
0x000007fef6070000 - 0x000007fef6088000 	C:\Windows\system32\MSACM32.dll
0x000007fef5b60000 - 0x000007fef5b69000 	C:\Windows\system32\midimap.dll
0x000007fefe000000 - 0x000007fefe099000 	C:\Windows\system32\CLBCatQ.DLL
0x000000006d600000 - 0x000000006d617000 	C:\Program Files\Java\jre6\bin\net.dll
0x000007fefe850000 - 0x000007fefe89d000 	C:\Windows\system32\WS2_32.dll
0x000007fefe350000 - 0x000007fefe358000 	C:\Windows\system32\NSI.dll
0x000007fefc510000 - 0x000007fefc564000 	C:\Windows\system32\mswsock.dll
0x000007fefc500000 - 0x000007fefc507000 	C:\Windows\System32\wship6.dll
0x000000006d620000 - 0x000000006d62b000 	C:\Program Files\Java\jre6\bin\nio.dll
0x0000000056de0000 - 0x0000000056e45000 	C:\Program Files\WIDCOMM\Bluetooth Software\btmmhook.dll

VM Arguments:
jvm_args: -Dfile.encoding=Cp1252 
java_command: com.shikhar.mario.core.GameFrame
Launcher Type: SUN_STANDARD

Environment Variables:
PATH=C:\Program Files\Common Files\Microsoft Shared\Windows Live;C:\Windows\system32;C:\Windows;C:\Windows\System32\Wbem;C:\Windows\System32\WindowsPowerShell\v1.0\;C:\Program Files\WIDCOMM\Bluetooth Software\;C:\Program Files\WIDCOMM\Bluetooth Software\syswow64;\;C:\Program Files (x86)\Sony\VAIO Startup Setting Tool;c:\Program Files (x86)\ATI Technologies\ATI.ACE\Core-Static;C:\Program Files\SlikSvn\bin
USERNAME=mahesh
OS=Windows_NT
PROCESSOR_IDENTIFIER=Intel64 Family 6 Model 37 Stepping 5, GenuineIntel



---------------  S Y S T E M  ---------------

OS: Windows 7 Build 7600 

CPU:total 4 (8 cores per cpu, 2 threads per core) family 6 model 37 stepping 5, cmov, cx8, fxsr, mmx, sse, sse2, sse3, ssse3, sse4.1, sse4.2, popcnt, ht

Memory: 4k page, physical 4044900k(1069460k free), swap 8087900k(4119940k free)

vm_info: Java HotSpot(TM) 64-Bit Server VM (16.3-b01) for windows-amd64 JRE (1.6.0_20-b02), built on Apr 12 2010 13:44:19 by "java_re" with MS VC++ 8.0 (VS2005)

time: Fri Sep 13 10:54:45 2013
elapsed time: 115 seconds

